This is pdfTeX, Version 3.14159265-2.6-1.40.19 (TeX Live 2019/dev/Debian) (preloaded format=pdflatex 2020.2.3)  7 AUG 2020 14:51
entering extended mode
 restricted \write18 enabled.
 %&-line parsing enabled.
**Manual.tex
(./Manual.tex
LaTeX2e <2018-12-01>
(/usr/share/texlive/texmf-dist/tex/latex/revtex4/revtex4.cls
Document Class: revtex4 2001/08/02 v4.0 (http://publish.aps.org/revtex4/ for do
cumentation)
 Copyright (c) 2001 The American Physical Society.
 mailto:revtex@aps.org
 Licensed under the LPPL:
http://www.ctan.org/tex-archive/macros/latex/base/lppl.txt
 Arthur Ogawa <ogawa@teleport.com>
 Based on work by David Carlisle <david@dcarlisle.demon.co.uk>.
ltxutil: portions licensed from W. E. Baxter (web@superscript.com)
Class revtex4 Info: Repairing broken LateX \@sect on input line 596.
\intertabularlinepenalty=\count80
\@tbpen=\count81
\@arstrutbox@hline=\box27
Class revtex4 Info: Repairing broken LaTeX \@xbitor on input line 1610.
ltxgrid: portions licensed from W. E. Baxter (web@superscript.com)
\c@linecount=\count82
\output=\toks14
\@protection@box=\box28
\@topmark@saved=\toks15
\footins@saved=\box29
\pagesofar=\box30
\footbox=\box31
\pagegrid@col=\count83
Class revtex4 Info: Incorporating package {textcase}  [1998/11/12 v0.06 Text on
ly upper/lower case changing (DPC)]. on input line 3682.
(/usr/share/texlive/texmf-dist/tex/latex/url/url.sty
\Urlmuskip=\muskip10
Package: url 2013/09/16  ver 3.4  Verb mode for urls, etc.
)
\c@affil=\count84
\absbox=\box32
\c@part=\count85
\c@section=\count86
\c@subsection=\count87
\c@subsubsection=\count88
\c@paragraph=\count89
\c@subparagraph=\count90
\abovecaptionskip=\skip41
\belowcaptionskip=\skip42
\c@figure=\count91
\c@table=\count92

(/usr/share/texlive/texmf-dist/tex/latex/natbib/natbib.sty
Package: natbib 2010/09/13 8.31b (PWD, AO)
\bibhang=\skip43
\bibsep=\skip44
LaTeX Info: Redefining \cite on input line 694.
\c@NAT@ctr=\count93
)
\widetext@top=\box33
\widetext@bot=\box34

(/usr/share/texlive/texmf-dist/tex/latex/revtex4/revsymb.sty
Package: revsymb 2001/08/02 v4.0 (http://publish.aps.org/revtex4/ for documenta
tion)
LaTeX Info: Redefining \REV@mathfrak on input line 118.
))
(/usr/share/texlive/texmf-dist/tex/latex/revtex4/aps.rtx
File: aps.rtx 2001/08/02 v4.0 (http://publish.aps.org/revtex4/ for documentatio
n)
)
(/usr/share/texlive/texmf-dist/tex/latex/revtex4/10pt.rtx
File: 10pt.rtx 2001/08/02 v4.0 (http://publish.aps.org/revtex4/ for documentati
on)
)
(/usr/share/texlive/texmf-dist/tex/latex/hyperref/hyperref.sty
Package: hyperref 2018/11/30 v6.88e Hypertext links for LaTeX

(/usr/share/texlive/texmf-dist/tex/generic/oberdiek/hobsub-hyperref.sty
Package: hobsub-hyperref 2016/05/16 v1.14 Bundle oberdiek, subset hyperref (HO)


(/usr/share/texlive/texmf-dist/tex/generic/oberdiek/hobsub-generic.sty
Package: hobsub-generic 2016/05/16 v1.14 Bundle oberdiek, subset generic (HO)
Package: hobsub 2016/05/16 v1.14 Construct package bundles (HO)
Package: infwarerr 2016/05/16 v1.4 Providing info/warning/error messages (HO)
Package: ltxcmds 2016/05/16 v1.23 LaTeX kernel commands for general use (HO)
Package: ifluatex 2016/05/16 v1.4 Provides the ifluatex switch (HO)
Package ifluatex Info: LuaTeX not detected.
Package: ifvtex 2016/05/16 v1.6 Detect VTeX and its facilities (HO)
Package ifvtex Info: VTeX not detected.
Package: intcalc 2016/05/16 v1.2 Expandable calculations with integers (HO)
Package: ifpdf 2018/09/07 v3.3 Provides the ifpdf switch
Package: etexcmds 2016/05/16 v1.6 Avoid name clashes with e-TeX commands (HO)
Package: kvsetkeys 2016/05/16 v1.17 Key value parser (HO)
Package: kvdefinekeys 2016/05/16 v1.4 Define keys (HO)
Package: pdftexcmds 2018/09/10 v0.29 Utility functions of pdfTeX for LuaTeX (HO
)
Package pdftexcmds Info: LuaTeX not detected.
Package pdftexcmds Info: \pdf@primitive is available.
Package pdftexcmds Info: \pdf@ifprimitive is available.
Package pdftexcmds Info: \pdfdraftmode found.
Package: pdfescape 2016/05/16 v1.14 Implements pdfTeX's escape features (HO)
Package: bigintcalc 2016/05/16 v1.4 Expandable calculations on big integers (HO
)
Package: bitset 2016/05/16 v1.2 Handle bit-vector datatype (HO)
Package: uniquecounter 2016/05/16 v1.3 Provide unlimited unique counter (HO)
)
Package hobsub Info: Skipping package `hobsub' (already loaded).
Package: letltxmacro 2016/05/16 v1.5 Let assignment for LaTeX macros (HO)
Package: hopatch 2016/05/16 v1.3 Wrapper for package hooks (HO)
Package: xcolor-patch 2016/05/16 xcolor patch
Package: atveryend 2016/05/16 v1.9 Hooks at the very end of document (HO)
Package: atbegshi 2016/06/09 v1.18 At begin shipout hook (HO)
Package: refcount 2016/05/16 v3.5 Data extraction from label references (HO)
Package: hycolor 2016/05/16 v1.8 Color options for hyperref/bookmark (HO)
)
(/usr/share/texlive/texmf-dist/tex/latex/graphics/keyval.sty
Package: keyval 2014/10/28 v1.15 key=value parser (DPC)
\KV@toks@=\toks16
)
(/usr/share/texlive/texmf-dist/tex/generic/ifxetex/ifxetex.sty
Package: ifxetex 2010/09/12 v0.6 Provides ifxetex conditional
)
(/usr/share/texlive/texmf-dist/tex/latex/oberdiek/auxhook.sty
Package: auxhook 2016/05/16 v1.4 Hooks for auxiliary files (HO)
)
(/usr/share/texlive/texmf-dist/tex/latex/oberdiek/kvoptions.sty
Package: kvoptions 2016/05/16 v3.12 Key value format for package options (HO)
)
\@linkdim=\dimen102
\Hy@linkcounter=\count94
\Hy@pagecounter=\count95

(/usr/share/texlive/texmf-dist/tex/latex/hyperref/pd1enc.def
File: pd1enc.def 2018/11/30 v6.88e Hyperref: PDFDocEncoding definition (HO)
Now handling font encoding PD1 ...
... no UTF-8 mapping file for font encoding PD1
)
\Hy@SavedSpaceFactor=\count96

(/usr/share/texlive/texmf-dist/tex/latex/latexconfig/hyperref.cfg
File: hyperref.cfg 2002/06/06 v1.2 hyperref configuration of TeXLive
)
Package hyperref Info: Option `final' set `true' on input line 4393.
Package hyperref Info: Hyper figures OFF on input line 4519.
Package hyperref Info: Link nesting OFF on input line 4524.
Package hyperref Info: Hyper index ON on input line 4527.
Package hyperref Info: Plain pages OFF on input line 4534.
Package hyperref Info: Backreferencing OFF on input line 4539.
Package hyperref Info: Implicit mode ON; LaTeX internals redefined.
Package hyperref Info: Bookmarks ON on input line 4772.
\c@Hy@tempcnt=\count97
LaTeX Info: Redefining \url on input line 5125.
\XeTeXLinkMargin=\dimen103
\Fld@menulength=\count98
\Field@Width=\dimen104
\Fld@charsize=\dimen105
Package hyperref Info: Hyper figures OFF on input line 6380.
Package hyperref Info: Link nesting OFF on input line 6385.
Package hyperref Info: Hyper index ON on input line 6388.
Package hyperref Info: backreferencing OFF on input line 6395.
Package hyperref Info: Link coloring OFF on input line 6400.
Package hyperref Info: Link coloring with OCG OFF on input line 6405.
Package hyperref Info: PDF/A mode OFF on input line 6410.
LaTeX Info: Redefining \ref on input line 6450.
LaTeX Info: Redefining \pageref on input line 6454.
\Hy@abspage=\count99
\c@Item=\count100
\c@Hfootnote=\count101
)
Package hyperref Info: Driver (autodetected): hpdftex.

(/usr/share/texlive/texmf-dist/tex/latex/hyperref/hpdftex.def
File: hpdftex.def 2018/11/30 v6.88e Hyperref driver for pdfTeX
\Fld@listcount=\count102
\c@bookmark@seq@number=\count103

(/usr/share/texlive/texmf-dist/tex/latex/oberdiek/rerunfilecheck.sty
Package: rerunfilecheck 2016/05/16 v1.8 Rerun checks for auxiliary files (HO)
Package uniquecounter Info: New unique counter `rerunfilecheck' on input line 2
82.
)
\Hy@SectionHShift=\skip45
)
(/usr/share/texlive/texmf-dist/tex/latex/graphics/graphicx.sty
Package: graphicx 2017/06/01 v1.1a Enhanced LaTeX Graphics (DPC,SPQR)

(/usr/share/texlive/texmf-dist/tex/latex/graphics/graphics.sty
Package: graphics 2017/06/25 v1.2c Standard LaTeX Graphics (DPC,SPQR)

(/usr/share/texlive/texmf-dist/tex/latex/graphics/trig.sty
Package: trig 2016/01/03 v1.10 sin cos tan (DPC)
)
(/usr/share/texlive/texmf-dist/tex/latex/graphics-cfg/graphics.cfg
File: graphics.cfg 2016/06/04 v1.11 sample graphics configuration
)
Package graphics Info: Driver file: pdftex.def on input line 99.

(/usr/share/texlive/texmf-dist/tex/latex/graphics-def/pdftex.def
File: pdftex.def 2018/01/08 v1.0l Graphics/color driver for pdftex
))
\Gin@req@height=\dimen106
\Gin@req@width=\dimen107
)
(/usr/share/texlive/texmf-dist/tex/latex/graphics/color.sty
Package: color 2016/07/10 v1.1e Standard LaTeX Color (DPC)

(/usr/share/texlive/texmf-dist/tex/latex/graphics-cfg/color.cfg
File: color.cfg 2016/01/02 v1.6 sample color configuration
)
Package color Info: Driver file: pdftex.def on input line 147.
)
(/usr/share/texlive/texmf-dist/tex/latex/tools/bm.sty
Package: bm 2017/01/16 v1.2c Bold Symbol Support (DPC/FMi)
\symboldoperators=\mathgroup4
\symboldletters=\mathgroup5
\symboldsymbols=\mathgroup6
LaTeX Font Info:    Redeclaring math alphabet \mathbf on input line 141.
LaTeX Info: Redefining \bm on input line 207.
)
(/usr/share/texlive/texmf-dist/tex/latex/amsmath/amsmath.sty
Package: amsmath 2018/12/01 v2.17b AMS math features
\@mathmargin=\skip46

For additional information on amsmath, use the `?' option.
(/usr/share/texlive/texmf-dist/tex/latex/amsmath/amstext.sty
Package: amstext 2000/06/29 v2.01 AMS text

(/usr/share/texlive/texmf-dist/tex/latex/amsmath/amsgen.sty
File: amsgen.sty 1999/11/30 v2.0 generic functions
\@emptytoks=\toks17
\ex@=\dimen108
))
(/usr/share/texlive/texmf-dist/tex/latex/amsmath/amsbsy.sty
Package: amsbsy 1999/11/29 v1.2d Bold Symbols
LaTeX Info: Redefining \boldsymbol on input line 28.
\pmbraise@=\dimen109
)
(/usr/share/texlive/texmf-dist/tex/latex/amsmath/amsopn.sty
Package: amsopn 2016/03/08 v2.02 operator names
)
\inf@bad=\count104
LaTeX Info: Redefining \frac on input line 223.
\uproot@=\count105
\leftroot@=\count106
LaTeX Info: Redefining \overline on input line 385.
\classnum@=\count107
\DOTSCASE@=\count108
LaTeX Info: Redefining \ldots on input line 482.
LaTeX Info: Redefining \dots on input line 485.
LaTeX Info: Redefining \cdots on input line 606.
\Mathstrutbox@=\box35
\strutbox@=\box36
\big@size=\dimen110
LaTeX Font Info:    Redeclaring font encoding OML on input line 729.
LaTeX Font Info:    Redeclaring font encoding OMS on input line 730.
\macc@depth=\count109
\c@MaxMatrixCols=\count110
\dotsspace@=\muskip11
\c@parentequation=\count111
\dspbrk@lvl=\count112
\tag@help=\toks18
\row@=\count113
\column@=\count114
\maxfields@=\count115
\andhelp@=\toks19
\eqnshift@=\dimen111
\alignsep@=\dimen112
\tagshift@=\dimen113
\tagwidth@=\dimen114
\totwidth@=\dimen115
\lineht@=\dimen116
\@envbody=\toks20
\multlinegap=\skip47
\multlinetaggap=\skip48
\mathdisplay@stack=\toks21
LaTeX Info: Redefining \[ on input line 2844.
LaTeX Info: Redefining \] on input line 2845.
)
(/usr/share/texlive/texmf-dist/tex/latex/amsfonts/amssymb.sty
Package: amssymb 2013/01/14 v3.01 AMS font symbols

(/usr/share/texlive/texmf-dist/tex/latex/amsfonts/amsfonts.sty
Package: amsfonts 2013/01/14 v3.01 Basic AMSFonts support
\symAMSa=\mathgroup7
\symAMSb=\mathgroup8
LaTeX Font Info:    Overwriting math alphabet `\mathfrak' in version `bold'
(Font)                  U/euf/m/n --> U/euf/b/n on input line 106.
LaTeX Info: Redefining \frak on input line 111.
LaTeX Info: Redefining \Bbb on input line 113.
))
(/usr/share/texlive/texmf-dist/tex/latex/psnfss/pifont.sty
Package: pifont 2005/04/12 PSNFSS-v9.2a Pi font support (SPQR) 
LaTeX Font Info:    Try loading font information for U+pzd on input line 63.

(/usr/share/texlive/texmf-dist/tex/latex/psnfss/upzd.fd
File: upzd.fd 2001/06/04 font definitions for U/pzd.
)
LaTeX Font Info:    Try loading font information for U+psy on input line 64.

(/usr/share/texlive/texmf-dist/tex/latex/psnfss/upsy.fd
File: upsy.fd 2001/06/04 font definitions for U/psy.
))
(/usr/share/texlive/texmf-dist/tex/latex/simplewick/simplewick.sty
Package: simplewick 2007/11/23 v1.2a

Package: simplewick v1.2a (2007/11/23)
\swb@xone=\box37
\swb@xtwo=\box38
\swb@xthree=\box39
\swb@xfour=\box40
\swdimen@ne=\dimen117
\swdimentw@=\dimen118
) (/usr/share/texlive/texmf-dist/tex/latex/pgf/frontendlayer/tikz.sty
(/usr/share/texlive/texmf-dist/tex/latex/pgf/basiclayer/pgf.sty
(/usr/share/texlive/texmf-dist/tex/latex/pgf/utilities/pgfrcs.sty
(/usr/share/texlive/texmf-dist/tex/generic/pgf/utilities/pgfutil-common.tex
\pgfutil@everybye=\toks22
\pgfutil@tempdima=\dimen119
\pgfutil@tempdimb=\dimen120

(/usr/share/texlive/texmf-dist/tex/generic/pgf/utilities/pgfutil-common-lists.t
ex)) (/usr/share/texlive/texmf-dist/tex/generic/pgf/utilities/pgfutil-latex.def
\pgfutil@abb=\box41
(/usr/share/texlive/texmf-dist/tex/latex/ms/everyshi.sty
Package: everyshi 2001/05/15 v3.00 EveryShipout Package (MS)
))
(/usr/share/texlive/texmf-dist/tex/generic/pgf/utilities/pgfrcs.code.tex
(/usr/share/texlive/texmf-dist/tex/generic/pgf/pgf.revision.tex)
Package: pgfrcs 2019/02/02 v3.1.1 (3.1.1)
))
Package: pgf 2019/02/02 v3.1.1 (3.1.1)

(/usr/share/texlive/texmf-dist/tex/latex/pgf/basiclayer/pgfcore.sty
(/usr/share/texlive/texmf-dist/tex/latex/pgf/systemlayer/pgfsys.sty
(/usr/share/texlive/texmf-dist/tex/generic/pgf/systemlayer/pgfsys.code.tex
Package: pgfsys 2019/02/02 v3.1.1 (3.1.1)

(/usr/share/texlive/texmf-dist/tex/generic/pgf/utilities/pgfkeys.code.tex
\pgfkeys@pathtoks=\toks23
\pgfkeys@temptoks=\toks24

(/usr/share/texlive/texmf-dist/tex/generic/pgf/utilities/pgfkeysfiltered.code.t
ex
\pgfkeys@tmptoks=\toks25
))
\pgf@x=\dimen121
\pgf@y=\dimen122
\pgf@xa=\dimen123
\pgf@ya=\dimen124
\pgf@xb=\dimen125
\pgf@yb=\dimen126
\pgf@xc=\dimen127
\pgf@yc=\dimen128
\w@pgf@writea=\write3
\r@pgf@reada=\read1
\c@pgf@counta=\count116
\c@pgf@countb=\count117
\c@pgf@countc=\count118
\c@pgf@countd=\count119
\t@pgf@toka=\toks26
\t@pgf@tokb=\toks27
\t@pgf@tokc=\toks28
\pgf@sys@id@count=\count120
 (/usr/share/texlive/texmf-dist/tex/generic/pgf/systemlayer/pgf.cfg
File: pgf.cfg 2019/02/02 v3.1.1 (3.1.1)
)
Driver file for pgf: pgfsys-pdftex.def

(/usr/share/texlive/texmf-dist/tex/generic/pgf/systemlayer/pgfsys-pdftex.def
File: pgfsys-pdftex.def 2019/02/02 v3.1.1 (3.1.1)

(/usr/share/texlive/texmf-dist/tex/generic/pgf/systemlayer/pgfsys-common-pdf.de
f
File: pgfsys-common-pdf.def 2019/02/02 v3.1.1 (3.1.1)
)))
(/usr/share/texlive/texmf-dist/tex/generic/pgf/systemlayer/pgfsyssoftpath.code.
tex
File: pgfsyssoftpath.code.tex 2019/02/02 v3.1.1 (3.1.1)
\pgfsyssoftpath@smallbuffer@items=\count121
\pgfsyssoftpath@bigbuffer@items=\count122
)
(/usr/share/texlive/texmf-dist/tex/generic/pgf/systemlayer/pgfsysprotocol.code.
tex
File: pgfsysprotocol.code.tex 2019/02/02 v3.1.1 (3.1.1)
)) (/usr/share/texlive/texmf-dist/tex/latex/xcolor/xcolor.sty
Package: xcolor 2016/05/11 v2.12 LaTeX color extensions (UK)

(/usr/share/texlive/texmf-dist/tex/latex/graphics-cfg/color.cfg
File: color.cfg 2016/01/02 v1.6 sample color configuration
)
Package xcolor Info: Driver file: pdftex.def on input line 225.
LaTeX Info: Redefining \color on input line 709.
Package xcolor Info: Model `cmy' substituted by `cmy0' on input line 1348.
Package xcolor Info: Model `hsb' substituted by `rgb' on input line 1352.
Package xcolor Info: Model `RGB' extended on input line 1364.
Package xcolor Info: Model `HTML' substituted by `rgb' on input line 1366.
Package xcolor Info: Model `Hsb' substituted by `hsb' on input line 1367.
Package xcolor Info: Model `tHsb' substituted by `hsb' on input line 1368.
Package xcolor Info: Model `HSB' substituted by `hsb' on input line 1369.
Package xcolor Info: Model `Gray' substituted by `gray' on input line 1370.
Package xcolor Info: Model `wave' substituted by `hsb' on input line 1371.
)
(/usr/share/texlive/texmf-dist/tex/generic/pgf/basiclayer/pgfcore.code.tex
Package: pgfcore 2019/02/02 v3.1.1 (3.1.1)

(/usr/share/texlive/texmf-dist/tex/generic/pgf/math/pgfmath.code.tex
(/usr/share/texlive/texmf-dist/tex/generic/pgf/math/pgfmathcalc.code.tex
(/usr/share/texlive/texmf-dist/tex/generic/pgf/math/pgfmathutil.code.tex)
(/usr/share/texlive/texmf-dist/tex/generic/pgf/math/pgfmathparser.code.tex
\pgfmath@dimen=\dimen129
\pgfmath@count=\count123
\pgfmath@box=\box42
\pgfmath@toks=\toks29
\pgfmath@stack@operand=\toks30
\pgfmath@stack@operation=\toks31
)
(/usr/share/texlive/texmf-dist/tex/generic/pgf/math/pgfmathfunctions.code.tex
(/usr/share/texlive/texmf-dist/tex/generic/pgf/math/pgfmathfunctions.basic.code
.tex)
(/usr/share/texlive/texmf-dist/tex/generic/pgf/math/pgfmathfunctions.trigonomet
ric.code.tex)
(/usr/share/texlive/texmf-dist/tex/generic/pgf/math/pgfmathfunctions.random.cod
e.tex)
(/usr/share/texlive/texmf-dist/tex/generic/pgf/math/pgfmathfunctions.comparison
.code.tex)
(/usr/share/texlive/texmf-dist/tex/generic/pgf/math/pgfmathfunctions.base.code.
tex)
(/usr/share/texlive/texmf-dist/tex/generic/pgf/math/pgfmathfunctions.round.code
.tex)
(/usr/share/texlive/texmf-dist/tex/generic/pgf/math/pgfmathfunctions.misc.code.
tex)
(/usr/share/texlive/texmf-dist/tex/generic/pgf/math/pgfmathfunctions.integerari
thmetics.code.tex)))
(/usr/share/texlive/texmf-dist/tex/generic/pgf/math/pgfmathfloat.code.tex
\c@pgfmathroundto@lastzeros=\count124
))
(/usr/share/texlive/texmf-dist/tex/generic/pgf/basiclayer/pgfcorepoints.code.te
x
File: pgfcorepoints.code.tex 2019/02/02 v3.1.1 (3.1.1)
\pgf@picminx=\dimen130
\pgf@picmaxx=\dimen131
\pgf@picminy=\dimen132
\pgf@picmaxy=\dimen133
\pgf@pathminx=\dimen134
\pgf@pathmaxx=\dimen135
\pgf@pathminy=\dimen136
\pgf@pathmaxy=\dimen137
\pgf@xx=\dimen138
\pgf@xy=\dimen139
\pgf@yx=\dimen140
\pgf@yy=\dimen141
\pgf@zx=\dimen142
\pgf@zy=\dimen143
)
(/usr/share/texlive/texmf-dist/tex/generic/pgf/basiclayer/pgfcorepathconstruct.
code.tex
File: pgfcorepathconstruct.code.tex 2019/02/02 v3.1.1 (3.1.1)
\pgf@path@lastx=\dimen144
\pgf@path@lasty=\dimen145
)
(/usr/share/texlive/texmf-dist/tex/generic/pgf/basiclayer/pgfcorepathusage.code
.tex
File: pgfcorepathusage.code.tex 2019/02/02 v3.1.1 (3.1.1)
\pgf@shorten@end@additional=\dimen146
\pgf@shorten@start@additional=\dimen147
)
(/usr/share/texlive/texmf-dist/tex/generic/pgf/basiclayer/pgfcorescopes.code.te
x
File: pgfcorescopes.code.tex 2019/02/02 v3.1.1 (3.1.1)
\pgfpic=\box43
\pgf@hbox=\box44
\pgf@layerbox@main=\box45
\pgf@picture@serial@count=\count125
)
(/usr/share/texlive/texmf-dist/tex/generic/pgf/basiclayer/pgfcoregraphicstate.c
ode.tex
File: pgfcoregraphicstate.code.tex 2019/02/02 v3.1.1 (3.1.1)
\pgflinewidth=\dimen148
)
(/usr/share/texlive/texmf-dist/tex/generic/pgf/basiclayer/pgfcoretransformation
s.code.tex
File: pgfcoretransformations.code.tex 2019/02/02 v3.1.1 (3.1.1)
\pgf@pt@x=\dimen149
\pgf@pt@y=\dimen150
\pgf@pt@temp=\dimen151
)
(/usr/share/texlive/texmf-dist/tex/generic/pgf/basiclayer/pgfcorequick.code.tex
File: pgfcorequick.code.tex 2019/02/02 v3.1.1 (3.1.1)
)
(/usr/share/texlive/texmf-dist/tex/generic/pgf/basiclayer/pgfcoreobjects.code.t
ex
File: pgfcoreobjects.code.tex 2019/02/02 v3.1.1 (3.1.1)
)
(/usr/share/texlive/texmf-dist/tex/generic/pgf/basiclayer/pgfcorepathprocessing
.code.tex
File: pgfcorepathprocessing.code.tex 2019/02/02 v3.1.1 (3.1.1)
)
(/usr/share/texlive/texmf-dist/tex/generic/pgf/basiclayer/pgfcorearrows.code.te
x
File: pgfcorearrows.code.tex 2019/02/02 v3.1.1 (3.1.1)
\pgfarrowsep=\dimen152
)
(/usr/share/texlive/texmf-dist/tex/generic/pgf/basiclayer/pgfcoreshade.code.tex
File: pgfcoreshade.code.tex 2019/02/02 v3.1.1 (3.1.1)
\pgf@max=\dimen153
\pgf@sys@shading@range@num=\count126
)
(/usr/share/texlive/texmf-dist/tex/generic/pgf/basiclayer/pgfcoreimage.code.tex
File: pgfcoreimage.code.tex 2019/02/02 v3.1.1 (3.1.1)

(/usr/share/texlive/texmf-dist/tex/generic/pgf/basiclayer/pgfcoreexternal.code.
tex
File: pgfcoreexternal.code.tex 2019/02/02 v3.1.1 (3.1.1)
\pgfexternal@startupbox=\box46
))
(/usr/share/texlive/texmf-dist/tex/generic/pgf/basiclayer/pgfcorelayers.code.te
x
File: pgfcorelayers.code.tex 2019/02/02 v3.1.1 (3.1.1)
)
(/usr/share/texlive/texmf-dist/tex/generic/pgf/basiclayer/pgfcoretransparency.c
ode.tex
File: pgfcoretransparency.code.tex 2019/02/02 v3.1.1 (3.1.1)
)
(/usr/share/texlive/texmf-dist/tex/generic/pgf/basiclayer/pgfcorepatterns.code.
tex
File: pgfcorepatterns.code.tex 2019/02/02 v3.1.1 (3.1.1)
)
(/usr/share/texlive/texmf-dist/tex/generic/pgf/basiclayer/pgfcorerdf.code.tex
File: pgfcorerdf.code.tex 2019/02/02 v3.1.1 (3.1.1)
)))
(/usr/share/texlive/texmf-dist/tex/generic/pgf/modules/pgfmoduleshapes.code.tex
File: pgfmoduleshapes.code.tex 2019/02/02 v3.1.1 (3.1.1)
\pgfnodeparttextbox=\box47
) (/usr/share/texlive/texmf-dist/tex/generic/pgf/modules/pgfmoduleplot.code.tex
File: pgfmoduleplot.code.tex 2019/02/02 v3.1.1 (3.1.1)
)
(/usr/share/texlive/texmf-dist/tex/latex/pgf/compatibility/pgfcomp-version-0-65
.sty
Package: pgfcomp-version-0-65 2019/02/02 v3.1.1 (3.1.1)
\pgf@nodesepstart=\dimen154
\pgf@nodesepend=\dimen155
)
(/usr/share/texlive/texmf-dist/tex/latex/pgf/compatibility/pgfcomp-version-1-18
.sty
Package: pgfcomp-version-1-18 2019/02/02 v3.1.1 (3.1.1)
)) (/usr/share/texlive/texmf-dist/tex/latex/pgf/utilities/pgffor.sty
(/usr/share/texlive/texmf-dist/tex/latex/pgf/utilities/pgfkeys.sty
(/usr/share/texlive/texmf-dist/tex/generic/pgf/utilities/pgfkeys.code.tex))
(/usr/share/texlive/texmf-dist/tex/latex/pgf/math/pgfmath.sty
(/usr/share/texlive/texmf-dist/tex/generic/pgf/math/pgfmath.code.tex))
(/usr/share/texlive/texmf-dist/tex/generic/pgf/utilities/pgffor.code.tex
Package: pgffor 2019/02/02 v3.1.1 (3.1.1)

(/usr/share/texlive/texmf-dist/tex/generic/pgf/math/pgfmath.code.tex)
\pgffor@iter=\dimen156
\pgffor@skip=\dimen157
\pgffor@stack=\toks32
\pgffor@toks=\toks33
))
(/usr/share/texlive/texmf-dist/tex/generic/pgf/frontendlayer/tikz/tikz.code.tex
Package: tikz 2019/02/02 v3.1.1 (3.1.1)

(/usr/share/texlive/texmf-dist/tex/generic/pgf/libraries/pgflibraryplothandlers
.code.tex
File: pgflibraryplothandlers.code.tex 2019/02/02 v3.1.1 (3.1.1)
\pgf@plot@mark@count=\count127
\pgfplotmarksize=\dimen158
)
\tikz@lastx=\dimen159
\tikz@lasty=\dimen160
\tikz@lastxsaved=\dimen161
\tikz@lastysaved=\dimen162
\tikzleveldistance=\dimen163
\tikzsiblingdistance=\dimen164
\tikz@figbox=\box48
\tikz@figbox@bg=\box49
\tikz@tempbox=\box50
\tikz@tempbox@bg=\box51
\tikztreelevel=\count128
\tikznumberofchildren=\count129
\tikznumberofcurrentchild=\count130
\tikz@fig@count=\count131

(/usr/share/texlive/texmf-dist/tex/generic/pgf/modules/pgfmodulematrix.code.tex
File: pgfmodulematrix.code.tex 2019/02/02 v3.1.1 (3.1.1)
\pgfmatrixcurrentrow=\count132
\pgfmatrixcurrentcolumn=\count133
\pgf@matrix@numberofcolumns=\count134
)
\tikz@expandcount=\count135

(/usr/share/texlive/texmf-dist/tex/generic/pgf/frontendlayer/tikz/libraries/tik
zlibrarytopaths.code.tex
File: tikzlibrarytopaths.code.tex 2019/02/02 v3.1.1 (3.1.1)
)))
(/usr/share/texlive/texmf-dist/tex/latex/tcolorbox/tcolorbox.sty
Package: tcolorbox 2018/12/07 version 4.15 text color boxes

(/usr/share/texlive/texmf-dist/tex/latex/tools/verbatim.sty
Package: verbatim 2014/10/28 v1.5q LaTeX2e package for verbatim enhancements
\every@verbatim=\toks34
\verbatim@line=\toks35
\verbatim@in@stream=\read2
)
(/usr/share/texlive/texmf-dist/tex/latex/environ/environ.sty
Package: environ 2014/05/04 v0.3 A new way to define environments

(/usr/share/texlive/texmf-dist/tex/latex/trimspaces/trimspaces.sty
Package: trimspaces 2009/09/17 v1.1 Trim spaces around a token list
))
(/usr/share/texlive/texmf-dist/tex/latex/etoolbox/etoolbox.sty
Package: etoolbox 2018/08/19 v2.5f e-TeX tools for LaTeX (JAW)
\etb@tempcnta=\count136
)
\tcb@titlebox=\box52
\tcb@upperbox=\box53
\tcb@lowerbox=\box54
\tcb@phantombox=\box55
\c@tcbbreakpart=\count137
\c@tcblayer=\count138
\tcolorbox@number=\count139
\tcb@temp=\box56
\tcb@temp=\box57
\tcb@temp=\box58
\tcb@temp=\box59
\tcb@out=\write4
\tcb@record@out=\write5

(/usr/share/texlive/texmf-dist/tex/latex/tcolorbox/tcbraster.code.tex
Library (tcolorbox): 'tcbraster.code.tex' version '4.15'
\c@tcbrastercolumn=\count140
\c@tcbrasterrow=\count141
\c@tcbraster=\count142
) (/usr/share/texlive/texmf-dist/tex/latex/tcolorbox/tcbskins.code.tex
Library (tcolorbox): 'tcbskins.code.tex' version '4.15'
\tcb@waterbox=\box60
(/usr/share/texlive/texmf-dist/tex/latex/tcolorbox/tcbskinsjigsaw.code.tex
Library (tcolorbox): 'tcbskinsjigsaw.code.tex' version '4.15'
)) (/usr/share/texlive/texmf-dist/tex/latex/tcolorbox/tcbbreakable.code.tex
Library (tcolorbox): 'tcbbreakable.code.tex' version '4.15'
\tcb@testbox=\box61
\tcb@totalupperbox=\box62
\tcb@totallowerbox=\box63
) (/usr/share/texlive/texmf-dist/tex/latex/tcolorbox/tcbhooks.code.tex
Library (tcolorbox): 'tcbhooks.code.tex' version '4.15'
) (/usr/share/texlive/texmf-dist/tex/latex/tcolorbox/tcbtheorems.code.tex
Library (tcolorbox): 'tcbtheorems.code.tex' version '4.15'
) (/usr/share/texlive/texmf-dist/tex/latex/tcolorbox/tcbfitting.code.tex
Library (tcolorbox): 'tcbfitting.code.tex' version '4.15'
\tcbfitdim=\dimen165
\tcb@lowerfitdim=\dimen166
\tcb@upperfitdim=\dimen167
\tcb@cur@hbadness=\count143
) (/usr/share/texlive/texmf-dist/tex/latex/tcolorbox/tcbxparse.code.tex
Library (tcolorbox): 'tcbxparse.code.tex' version '4.15'
(/usr/share/texlive/texmf-dist/tex/latex/l3packages/xparse/xparse.sty
(/usr/share/texlive/texmf-dist/tex/latex/l3kernel/expl3.sty
Package: expl3 2019-02-15 L3 programming layer (loader) 

(/usr/share/texlive/texmf-dist/tex/latex/l3kernel/expl3-code.tex
Package: expl3 2019-02-15 L3 programming layer (code)
\c_max_int=\count144
\l_tmpa_int=\count145
\l_tmpb_int=\count146
\g_tmpa_int=\count147
\g_tmpb_int=\count148
\g__kernel_prg_map_int=\count149
\c_log_iow=\count150
\l_iow_line_count_int=\count151
\l__iow_line_target_int=\count152
\l__iow_one_indent_int=\count153
\l__iow_indent_int=\count154
\c_zero_dim=\dimen168
\c_max_dim=\dimen169
\l_tmpa_dim=\dimen170
\l_tmpb_dim=\dimen171
\g_tmpa_dim=\dimen172
\g_tmpb_dim=\dimen173
\c_zero_skip=\skip49
\c_max_skip=\skip50
\l_tmpa_skip=\skip51
\l_tmpb_skip=\skip52
\g_tmpa_skip=\skip53
\g_tmpb_skip=\skip54
\c_zero_muskip=\muskip12
\c_max_muskip=\muskip13
\l_tmpa_muskip=\muskip14
\l_tmpb_muskip=\muskip15
\g_tmpa_muskip=\muskip16
\g_tmpb_muskip=\muskip17
\l_keys_choice_int=\count155
\l__intarray_loop_int=\count156
\c__intarray_sp_dim=\dimen174
\g__intarray_font_int=\count157
\c__fp_leading_shift_int=\count158
\c__fp_middle_shift_int=\count159
\c__fp_trailing_shift_int=\count160
\c__fp_big_leading_shift_int=\count161
\c__fp_big_middle_shift_int=\count162
\c__fp_big_trailing_shift_int=\count163
\c__fp_Bigg_leading_shift_int=\count164
\c__fp_Bigg_middle_shift_int=\count165
\c__fp_Bigg_trailing_shift_int=\count166
\c__kernel_randint_max_int=\count167
\g__fp_array_int=\count168
\l__fp_array_loop_int=\count169
\l__sort_length_int=\count170
\l__sort_min_int=\count171
\l__sort_top_int=\count172
\l__sort_max_int=\count173
\l__sort_true_max_int=\count174
\l__sort_block_int=\count175
\l__sort_begin_int=\count176
\l__sort_end_int=\count177
\l__sort_A_int=\count178
\l__sort_B_int=\count179
\l__sort_C_int=\count180
\l__tl_analysis_normal_int=\count181
\l__tl_analysis_index_int=\count182
\l__tl_analysis_nesting_int=\count183
\l__tl_analysis_type_int=\count184
\l__regex_internal_a_int=\count185
\l__regex_internal_b_int=\count186
\l__regex_internal_c_int=\count187
\l__regex_balance_int=\count188
\l__regex_group_level_int=\count189
\l__regex_mode_int=\count190
\c__regex_cs_in_class_mode_int=\count191
\c__regex_cs_mode_int=\count192
\l__regex_catcodes_int=\count193
\l__regex_default_catcodes_int=\count194
\c__regex_catcode_D_int=\count195
\c__regex_catcode_S_int=\count196
\c__regex_catcode_L_int=\count197
\c__regex_catcode_O_int=\count198
\c__regex_catcode_A_int=\count199
\c__regex_all_catcodes_int=\count266
\l__regex_show_lines_int=\count267
\l__regex_min_state_int=\count268
\l__regex_max_state_int=\count269
\l__regex_left_state_int=\count270
\l__regex_right_state_int=\count271
\l__regex_capturing_group_int=\count272
\l__regex_min_pos_int=\count273
\l__regex_max_pos_int=\count274
\l__regex_curr_pos_int=\count275
\l__regex_start_pos_int=\count276
\l__regex_success_pos_int=\count277
\l__regex_curr_char_int=\count278
\l__regex_curr_catcode_int=\count279
\l__regex_last_char_int=\count280
\l__regex_case_changed_char_int=\count281
\l__regex_curr_state_int=\count282
\l__regex_step_int=\count283
\l__regex_min_active_int=\count284
\l__regex_max_active_int=\count285
\l__regex_replacement_csnames_int=\count286
\l__regex_match_count_int=\count287
\l__regex_min_submatch_int=\count288
\l__regex_submatch_int=\count289
\l__regex_zeroth_submatch_int=\count290
\g__regex_trace_regex_int=\count291
\c_empty_box=\box64
\l_tmpa_box=\box65
\l_tmpb_box=\box66
\g_tmpa_box=\box67
\g_tmpb_box=\box68
\l__box_top_dim=\dimen175
\l__box_bottom_dim=\dimen176
\l__box_left_dim=\dimen177
\l__box_right_dim=\dimen178
\l__box_top_new_dim=\dimen179
\l__box_bottom_new_dim=\dimen180
\l__box_left_new_dim=\dimen181
\l__box_right_new_dim=\dimen182
\l__box_internal_box=\box69
\l__coffin_internal_box=\box70
\l__coffin_internal_dim=\dimen183
\l__coffin_offset_x_dim=\dimen184
\l__coffin_offset_y_dim=\dimen185
\l__coffin_x_dim=\dimen186
\l__coffin_y_dim=\dimen187
\l__coffin_x_prime_dim=\dimen188
\l__coffin_y_prime_dim=\dimen189
\c_empty_coffin=\box71
\l__coffin_aligned_coffin=\box72
\l__coffin_aligned_internal_coffin=\box73
\l_tmpa_coffin=\box74
\l_tmpb_coffin=\box75
\g_tmpa_coffin=\box76
\g_tmpb_coffin=\box77
\c__coffin_empty_coffin=\box78
\l__coffin_display_coffin=\box79
\l__coffin_display_coord_coffin=\box80
\l__coffin_display_pole_coffin=\box81
\l__coffin_display_offset_dim=\dimen190
\l__coffin_display_x_dim=\dimen191
\l__coffin_display_y_dim=\dimen192
\g__file_internal_ior=\read3
\l__coffin_bounding_shift_dim=\dimen193
\l__coffin_left_corner_dim=\dimen194
\l__coffin_right_corner_dim=\dimen195
\l__coffin_bottom_corner_dim=\dimen196
\l__coffin_top_corner_dim=\dimen197
\l__coffin_scaled_total_height_dim=\dimen198
\l__coffin_scaled_width_dim=\dimen199
\l__seq_internal_a_int=\count292
\l__seq_internal_b_int=\count293
)
(/usr/share/texlive/texmf-dist/tex/latex/l3kernel/l3pdfmode.def
File: l3pdfmode.def 2019-02-15 v L3 Experimental driver: PDF mode
\l__driver_color_stack_int=\count294
))
Package: xparse 2018-10-17 L3 Experimental document command parser
\l__xparse_current_arg_int=\count295
\g__xparse_grabber_int=\count296
\l__xparse_m_args_int=\count297
\l__xparse_mandatory_args_int=\count298
\l__xparse_v_nesting_int=\count299
))
(/usr/share/texlive/texmf-dist/tex/latex/tcolorbox/tcblistingsutf8.code.tex
Library (tcolorbox): 'tcblistingsutf8.code.tex' version '4.15'
(/usr/share/texlive/texmf-dist/tex/latex/oberdiek/listingsutf8.sty
Package: listingsutf8 2016/05/16 v1.3 Allow UTF-8 in listings input (HO)

(/usr/share/texlive/texmf-dist/tex/latex/listings/listings.sty
\lst@mode=\count300
\lst@gtempboxa=\box82
\lst@token=\toks36
\lst@length=\count301
\lst@currlwidth=\dimen256
\lst@column=\count302
\lst@pos=\count303
\lst@lostspace=\dimen257
\lst@width=\dimen258
\lst@newlines=\count304
\lst@lineno=\count305
\lst@maxwidth=\dimen259

(/usr/share/texlive/texmf-dist/tex/latex/listings/lstmisc.sty
File: lstmisc.sty 2018/09/02 1.7 (Carsten Heinz)
\c@lstnumber=\count306
\lst@skipnumbers=\count307
\lst@framebox=\box83
)
(/usr/share/texlive/texmf-dist/tex/latex/listings/listings.cfg
File: listings.cfg 2018/09/02 1.7 listings configuration
))
Package: listings 2018/09/02 1.7 (Carsten Heinz)

(/usr/share/texlive/texmf-dist/tex/generic/oberdiek/stringenc.sty
Package: stringenc 2016/05/16 v1.11 Convert strings between diff. encodings (HO
)
))
(/usr/share/texlive/texmf-dist/tex/latex/tcolorbox/tcblistings.code.tex
Library (tcolorbox): 'tcblistings.code.tex' version '4.15'
(/usr/share/texlive/texmf-dist/tex/latex/tcolorbox/tcblistingscore.code.tex
Library (tcolorbox): 'tcblistingscore.code.tex' version '4.15'
(/usr/share/texlive/texmf-dist/tex/latex/tcolorbox/tcbprocessing.code.tex
Library (tcolorbox): 'tcbprocessing.code.tex' version '4.15'
(/usr/share/texlive/texmf-dist/tex/latex/tools/shellesc.sty
Package: shellesc 2016/06/07 v0.02a unified shell escape interface for LaTeX
Package shellesc Info: Restricted shell escape enabled on input line 69.
))
\c@tcblisting=\count308
)))
(/usr/share/texlive/texmf-dist/tex/latex/tcolorbox/tcbexternal.code.tex
Library (tcolorbox): 'tcbexternal.code.tex' version '4.15'
) (/usr/share/texlive/texmf-dist/tex/latex/tcolorbox/tcbmagazine.code.tex
Library (tcolorbox): 'tcbmagazine.code.tex' version '4.15'
) (/usr/share/texlive/texmf-dist/tex/latex/tcolorbox/tcbvignette.code.tex
Library (tcolorbox): 'tcbvignette.code.tex' version '4.15'

(/usr/share/texlive/texmf-dist/tex/generic/pgf/frontendlayer/tikz/libraries/tik
zlibraryfadings.code.tex
File: tikzlibraryfadings.code.tex 2019/02/02 v3.1.1 (3.1.1)

(/usr/share/texlive/texmf-dist/tex/generic/pgf/libraries/pgflibraryfadings.code
.tex
File: pgflibraryfadings.code.tex 2019/02/02 v3.1.1 (3.1.1)
))) (/usr/share/texlive/texmf-dist/tex/latex/tcolorbox/tcbposter.code.tex
Library (tcolorbox): 'tcbposter.code.tex' version '4.15'
)) (/usr/share/texlive/texmf-dist/tex/latex/graphics/rotating.sty
Package: rotating 2016/08/11 v2.16d rotated objects in LaTeX

(/usr/share/texlive/texmf-dist/tex/latex/base/ifthen.sty
Package: ifthen 2014/09/29 v1.1c Standard LaTeX ifthen package (DPC)
)
\c@r@tfl@t=\count309
\rotFPtop=\skip55
\rotFPbot=\skip56
\rot@float@box=\box84
\rot@mess@toks=\toks37
)
(/usr/share/texlive/texmf-dist/tex/latex/multirow/multirow.sty
Package: multirow 2019/01/01 v2.4 Span multiple rows of a table
\multirow@colwidth=\skip57
\multirow@cntb=\count310
\multirow@dima=\skip58
\bigstrutjot=\dimen260
)
(/usr/share/texlive/texmf-dist/tex/latex/tools/longtable.sty
Package: longtable 2014/10/28 v4.11 Multi-page Table package (DPC)+ FMi change
\LTleft=\skip59
\LTright=\skip60
\LTpre=\skip61
\LTpost=\skip62
\LTchunksize=\count311
\LTcapwidth=\dimen261
\LT@head=\box85
\LT@firsthead=\box86
\LT@foot=\box87
\LT@lastfoot=\box88
\LT@cols=\count312
\LT@rows=\count313
\c@LT@tables=\count314
\c@LT@chunks=\count315
\LT@p@ftn=\toks38
) (./Manual.aux

LaTeX Warning: Label `lpTMDPDF' multiply defined.

)
\openout1 = `Manual.aux'.

LaTeX Font Info:    Checking defaults for OML/cmm/m/it on input line 111.
LaTeX Font Info:    ... okay on input line 111.
LaTeX Font Info:    Checking defaults for T1/cmr/m/n on input line 111.
LaTeX Font Info:    ... okay on input line 111.
LaTeX Font Info:    Checking defaults for OT1/cmr/m/n on input line 111.
LaTeX Font Info:    ... okay on input line 111.
LaTeX Font Info:    Checking defaults for OMS/cmsy/m/n on input line 111.
LaTeX Font Info:    ... okay on input line 111.
LaTeX Font Info:    Checking defaults for OMX/cmex/m/n on input line 111.
LaTeX Font Info:    ... okay on input line 111.
LaTeX Font Info:    Checking defaults for U/cmr/m/n on input line 111.
LaTeX Font Info:    ... okay on input line 111.
LaTeX Font Info:    Checking defaults for PD1/pdf/m/n on input line 111.
LaTeX Font Info:    ... okay on input line 111.
Class revtex4 Info: Patching LaTeX tabular. on input line 111.
Class revtex4 Info: Patching unrecognized longtable package. (Proceeding with f
ingers crossed) on input line 111.
Class revtex4 Info: cite was not loaded (OK!) on input line 111.
Class revtex4 Info: multicol was not loaded (OK!) on input line 111.
\AtBeginShipoutBox=\box89


Package hyperref Warning: Height of page (\paperheight) is invalid (0.0pt),
(hyperref)                using 11in.

Package hyperref Info: Link coloring OFF on input line 111.
(/usr/share/texlive/texmf-dist/tex/latex/hyperref/nameref.sty
Package: nameref 2016/05/21 v2.44 Cross-referencing by name of section

(/usr/share/texlive/texmf-dist/tex/generic/oberdiek/gettitlestring.sty
Package: gettitlestring 2016/05/16 v1.5 Cleanup title references (HO)
)
\c@section@level=\count316
)
LaTeX Info: Redefining \ref on input line 111.
LaTeX Info: Redefining \pageref on input line 111.
LaTeX Info: Redefining \nameref on input line 111.

(./Manual.out) (./Manual.out)
\@outlinefile=\write6
\openout6 = `Manual.out'.


(/usr/share/texlive/texmf-dist/tex/context/base/mkii/supp-pdf.mkii
[Loading MPS to PDF converter (version 2006.09.02).]
\scratchcounter=\count317
\scratchdimen=\dimen262
\scratchbox=\box90
\nofMPsegments=\count318
\nofMParguments=\count319
\everyMPshowfont=\toks39
\MPscratchCnt=\count320
\MPscratchDim=\dimen263
\MPnumerator=\count321
\makeMPintoPDFobject=\count322
\everyMPtoPDFconversion=\toks40
) (/usr/share/texlive/texmf-dist/tex/latex/oberdiek/epstopdf-base.sty
Package: epstopdf-base 2016/05/15 v2.6 Base part for package epstopdf

(/usr/share/texlive/texmf-dist/tex/latex/oberdiek/grfext.sty
Package: grfext 2016/05/16 v1.2 Manage graphics extensions (HO)
)
Package epstopdf-base Info: Redefining graphics rule for `.eps' on input line 4
38.
Package grfext Info: Graphics extension search list:
(grfext)             [.pdf,.png,.jpg,.mps,.jpeg,.jbig2,.jb2,.PDF,.PNG,.JPG,.JPE
G,.JBIG2,.JB2,.eps]
(grfext)             \AppendGraphicsExtensions on input line 456.

(/usr/share/texlive/texmf-dist/tex/latex/latexconfig/epstopdf-sys.cfg
File: epstopdf-sys.cfg 2010/07/13 v1.3 Configuration of (r)epstopdf for TeX Liv
e
))
ABD: EveryShipout initializing macros
\c@lstlisting=\count323

(/usr/share/texlive/texmf-dist/tex/latex/base/inputenc.sty
Package: inputenc 2018/08/11 v1.3c Input encoding file
\inpenc@prehook=\toks41
\inpenc@posthook=\toks42
) (./Manual.toc
LaTeX Font Info:    Font shape `OT1/cmtt/bx/n' in size <10> not available
(Font)              Font shape `OT1/cmtt/m/n' tried instead on input line 5.

Overfull \hbox (5.00003pt too wide) detected at line 12
 \OT1/cmr/m/n/10 11
 []


Overfull \hbox (5.00003pt too wide) detected at line 13
 \OT1/cmr/m/n/10 11
 []


Overfull \hbox (5.00003pt too wide) detected at line 14
 \OT1/cmr/m/n/10 11
 []

LaTeX Font Info:    Try loading font information for U+msa on input line 15.
(/usr/share/texlive/texmf-dist/tex/latex/amsfonts/umsa.fd
File: umsa.fd 2013/01/14 v3.01 AMS symbols A
)
LaTeX Font Info:    Try loading font information for U+msb on input line 15.

(/usr/share/texlive/texmf-dist/tex/latex/amsfonts/umsb.fd
File: umsb.fd 2013/01/14 v3.01 AMS symbols B
)
Overfull \hbox (5.00003pt too wide) detected at line 15
 \OT1/cmr/m/n/10 12
 []


Overfull \hbox (5.00003pt too wide) detected at line 16
 \OT1/cmr/m/n/10 13
 []


Overfull \hbox (5.00003pt too wide) detected at line 17
 \OT1/cmr/m/n/10 14
 []


Overfull \hbox (5.00003pt too wide) detected at line 18
 \OT1/cmr/m/n/10 14
 []


Overfull \hbox (5.00003pt too wide) detected at line 19
 \OT1/cmr/m/n/10 14
 []


Overfull \hbox (5.00003pt too wide) detected at line 20
 \OT1/cmr/m/n/10 15
 []


Overfull \hbox (5.00003pt too wide) detected at line 21
 \OT1/cmr/m/n/10 15
 []


Overfull \hbox (5.00003pt too wide) detected at line 22
 \OT1/cmr/m/n/10 16
 []


Overfull \hbox (5.00003pt too wide) detected at line 23
 \OT1/cmr/m/n/10 17
 []


Overfull \hbox (5.00003pt too wide) detected at line 24
 \OT1/cmr/m/n/10 18
 []


Overfull \hbox (5.00003pt too wide) detected at line 25
 \OT1/cmr/m/n/10 19
 []


Overfull \hbox (5.00003pt too wide) detected at line 26
 \OT1/cmr/m/n/10 19
 []


Overfull \hbox (5.00003pt too wide) detected at line 27
 \OT1/cmr/m/n/10 21
 []


Overfull \hbox (5.00003pt too wide) detected at line 28
 \OT1/cmr/m/n/10 21
 []


Overfull \hbox (5.00003pt too wide) detected at line 29
 \OT1/cmr/m/n/10 22
 []


Overfull \hbox (5.00003pt too wide) detected at line 30
 \OT1/cmr/m/n/10 22
 []


Overfull \hbox (5.00003pt too wide) detected at line 31
 \OT1/cmr/m/n/10 23
 []


Overfull \hbox (5.00003pt too wide) detected at line 32
 \OT1/cmr/m/n/10 24
 []

[1{/var/lib/texmf/fonts/map/pdftex/updmap/pdftex.map}]
Overfull \hbox (5.00003pt too wide) detected at line 33
 \OT1/cmr/m/n/10 25
 []


Overfull \hbox (5.00003pt too wide) detected at line 34
 \OT1/cmr/m/n/10 25
 []


Overfull \hbox (5.00003pt too wide) detected at line 35
 \OT1/cmr/m/n/10 26
 []


Overfull \hbox (5.00003pt too wide) detected at line 36
 \OT1/cmr/m/n/10 26
 []


Overfull \hbox (5.00003pt too wide) detected at line 37
 \OT1/cmr/m/n/10 26
 []


Overfull \hbox (5.00003pt too wide) detected at line 38
 \OT1/cmr/m/n/10 27
 []


Overfull \hbox (5.00003pt too wide) detected at line 39
 \OT1/cmr/m/n/10 27
 []


Overfull \hbox (5.00003pt too wide) detected at line 40
 \OT1/cmr/m/n/10 28
 []


Overfull \hbox (5.00003pt too wide) detected at line 41
 \OT1/cmr/m/n/10 29
 []


Overfull \hbox (5.00003pt too wide) detected at line 42
 \OT1/cmr/m/n/10 29
 []


Overfull \hbox (5.00003pt too wide) detected at line 43
 \OT1/cmr/m/n/10 30
 []


Overfull \hbox (5.00003pt too wide) detected at line 44
 \OT1/cmr/m/n/10 30
 []


Overfull \hbox (5.00003pt too wide) detected at line 45
 \OT1/cmr/m/n/10 31
 []


Overfull \hbox (5.00003pt too wide) detected at line 46
 \OT1/cmr/m/n/10 31
 []


Overfull \hbox (5.00003pt too wide) detected at line 47
 \OT1/cmr/m/n/10 32
 []


Overfull \hbox (5.00003pt too wide) detected at line 48
 \OT1/cmr/m/n/10 32
 []


Overfull \hbox (5.00003pt too wide) detected at line 49
 \OT1/cmr/m/n/10 34
 []


Overfull \hbox (5.00003pt too wide) detected at line 50
 \OT1/cmr/m/n/10 34
 []


Overfull \hbox (5.00003pt too wide) detected at line 51
 \OT1/cmr/m/n/10 34
 []


Overfull \hbox (5.00003pt too wide) detected at line 52
 \OT1/cmr/m/n/10 35
 []


Overfull \hbox (5.00003pt too wide) detected at line 53
 \OT1/cmr/m/n/10 35
 []


Overfull \hbox (5.00003pt too wide) detected at line 54
 \OT1/cmr/m/n/10 36
 []


Overfull \hbox (5.00003pt too wide) detected at line 55
 \OT1/cmr/m/n/10 36
 []


Overfull \hbox (5.00003pt too wide) detected at line 56
 \OT1/cmr/m/n/10 36
 []


Overfull \hbox (5.00003pt too wide) detected at line 57
 \OT1/cmr/m/n/10 37
 []


Overfull \hbox (5.00003pt too wide) detected at line 58
 \OT1/cmr/m/n/10 37
 []


Overfull \hbox (5.00003pt too wide) detected at line 59
 \OT1/cmr/m/n/10 37
 []


Overfull \hbox (5.00003pt too wide) detected at line 60
 \OT1/cmr/m/n/10 39
 []


Overfull \hbox (5.00003pt too wide) detected at line 61
 \OT1/cmr/m/n/10 44
 []


Overfull \hbox (5.00003pt too wide) detected at line 62
 \OT1/cmr/m/n/10 46
 []


Overfull \hbox (5.00003pt too wide) detected at line 63
 \OT1/cmr/m/n/10 47
 []


Overfull \hbox (5.00003pt too wide) detected at line 64
 \OT1/cmr/m/n/10 47
 []


Overfull \hbox (5.00003pt too wide) detected at line 65
 \OT1/cmr/m/n/10 48
 []


Overfull \hbox (5.00003pt too wide) detected at line 66
 \OT1/cmr/m/n/10 51
 []


Overfull \hbox (5.00003pt too wide) detected at line 67
 \OT1/cmr/m/n/10 51
 []


Overfull \hbox (5.00003pt too wide) detected at line 68
 \OT1/cmr/m/n/10 51
 []


Overfull \hbox (5.00003pt too wide) detected at line 69
 \OT1/cmr/m/n/10 51
 []


Overfull \hbox (5.00003pt too wide) detected at line 70
 \OT1/cmr/m/n/10 51
 []


Overfull \hbox (5.00003pt too wide) detected at line 71
 \OT1/cmr/m/n/10 51
 []


Overfull \hbox (5.00003pt too wide) detected at line 72
 \OT1/cmr/m/n/10 52
 []


Overfull \hbox (5.00003pt too wide) detected at line 73
 \OT1/cmr/m/n/10 54
 []


Overfull \hbox (5.00003pt too wide) detected at line 74
 \OT1/cmr/m/n/10 54
 []


Overfull \hbox (5.00003pt too wide) detected at line 75
 \OT1/cmr/m/n/10 55
 []


Overfull \hbox (5.00003pt too wide) detected at line 76
 \OT1/cmr/m/n/10 57
 []


Overfull \hbox (5.00003pt too wide) detected at line 77
 \OT1/cmr/m/n/10 57
 []


Overfull \hbox (5.00003pt too wide) detected at line 78
 \OT1/cmr/m/n/10 58
 []


Overfull \hbox (5.00003pt too wide) detected at line 79
 \OT1/cmr/m/n/10 58
 []

[2]
Overfull \hbox (5.00003pt too wide) detected at line 80
 \OT1/cmr/m/n/10 59
 []


Overfull \hbox (5.00003pt too wide) detected at line 81
 \OT1/cmr/m/n/10 59
 []


Overfull \hbox (5.00003pt too wide) detected at line 82
 \OT1/cmr/m/n/10 59
 []


Overfull \hbox (5.00003pt too wide) detected at line 83
 \OT1/cmr/m/n/10 61
 []


Overfull \hbox (5.00003pt too wide) detected at line 84
 \OT1/cmr/m/n/10 64
 []


Overfull \hbox (5.00003pt too wide) detected at line 85
 \OT1/cmr/m/n/10 65
 []


Overfull \hbox (5.00003pt too wide) detected at line 86
 \OT1/cmr/m/n/10 67
 []


Overfull \hbox (5.00003pt too wide) detected at line 87
 \OT1/cmr/m/n/10 68
 []


Overfull \hbox (5.00003pt too wide) detected at line 88
 \OT1/cmr/m/n/10 72
 []


Overfull \hbox (5.00003pt too wide) detected at line 89
 \OT1/cmr/m/n/10 73
 []


Overfull \hbox (5.00003pt too wide) detected at line 90
 \OT1/cmr/m/n/10 73
 []


Overfull \hbox (5.00003pt too wide) detected at line 91
 \OT1/cmr/m/n/10 74
 []


Overfull \hbox (5.00003pt too wide) detected at line 92
 \OT1/cmr/m/n/10 75
 []

)
\tf@toc=\write7
\openout7 = `Manual.toc'.

 [3] [4]
LaTeX Font Info:    Font shape `OT1/cmtt/bx/n' in size <9> not available
(Font)              Font shape `OT1/cmtt/m/n' tried instead on input line 162.

Underfull \hbox (badness 10000) in paragraph at lines 350--350
[][] 
 []


Underfull \hbox (badness 10000) in paragraph at lines 350--350
[][] 
 []


Underfull \hbox (badness 10000) in paragraph at lines 350--350
[][] 
 []


Underfull \hbox (badness 10000) in paragraph at lines 350--350
[][] 
 []


Underfull \hbox (badness 10000) in paragraph at lines 350--350
[][] 
 []


Underfull \hbox (badness 10000) in paragraph at lines 350--350
[][] 
 []


Underfull \hbox (badness 10000) in paragraph at lines 350--350
[][] 
 []


Underfull \hbox (badness 10000) in paragraph at lines 350--350
[][] 
 []


Underfull \hbox (badness 10000) in paragraph at lines 350--350
[][] 
 []


Underfull \hbox (badness 10000) in paragraph at lines 350--350
[][] 
 []


Underfull \hbox (badness 10000) in paragraph at lines 350--350
[][] 
 []


Underfull \hbox (badness 10000) in paragraph at lines 350--350
[][] 
 []


Underfull \hbox (badness 10000) in paragraph at lines 350--350
[][] 
 []


Underfull \hbox (badness 10000) in paragraph at lines 350--350
[][] 
 []


Underfull \hbox (badness 10000) in paragraph at lines 350--350
[][] 
 []


Underfull \hbox (badness 10000) in paragraph at lines 350--350
[][] 
 []


Underfull \hbox (badness 10000) in paragraph at lines 350--350
[][] 
 []


Underfull \hbox (badness 10000) in paragraph at lines 350--350
[][] 
 []


Underfull \hbox (badness 10000) in paragraph at lines 350--350
[][] 
 []


Underfull \hbox (badness 10000) in paragraph at lines 350--350
[][] 
 []


Underfull \hbox (badness 10000) in paragraph at lines 350--350
[][] 
 []


Underfull \hbox (badness 10000) in paragraph at lines 350--350
[][] 
 []


Underfull \hbox (badness 10000) in paragraph at lines 350--350
[][] 
 []


Underfull \hbox (badness 10000) in paragraph at lines 350--350
[][] 
 []


Overfull \hbox (11.67361pt too wide) in paragraph at lines 350--350
 []\OT1/cmr/bx/n/9 TMDR[]model 
 []


Underfull \hbox (badness 10000) in paragraph at lines 350--350
[][] 
 []


Underfull \hbox (badness 10000) in paragraph at lines 350--350
[][] 
 []


Underfull \hbox (badness 10000) in paragraph at lines 350--350
[][] 
 []


Underfull \hbox (badness 10000) in paragraph at lines 350--350
[][] 
 []


Underfull \hbox (badness 10000) in paragraph at lines 350--350
[][] 
 []


Underfull \hbox (badness 10000) in paragraph at lines 350--350
[][] 
 []


Underfull \hbox (badness 10000) in paragraph at lines 350--350
[][] 
 []


Underfull \hbox (badness 10000) in paragraph at lines 350--350
[][] 
 []


Underfull \hbox (badness 10000) in paragraph at lines 350--350
[][] 
 []


Underfull \hbox (badness 10000) in paragraph at lines 350--350
[][] 
 []


Underfull \hbox (badness 10000) in paragraph at lines 350--350
[][] 
 []


Underfull \hbox (badness 10000) in paragraph at lines 350--350
[][] 
 []


Underfull \hbox (badness 5667) in paragraph at lines 350--350
[][] 
 []


Underfull \hbox (badness 5667) in paragraph at lines 350--350
[][] 
 []


Underfull \hbox (badness 5667) in paragraph at lines 350--350
[][] 
 []


Underfull \hbox (badness 10000) in paragraph at lines 350--350
[][] 
 []


Underfull \hbox (badness 10000) in paragraph at lines 350--350
[][] 
 []


Underfull \hbox (badness 10000) in paragraph at lines 350--350
[][] 
 []


Underfull \hbox (badness 10000) in paragraph at lines 350--350
[][] 
 []


Underfull \hbox (badness 5667) in paragraph at lines 350--350
[][] 
 []


Underfull \hbox (badness 5667) in paragraph at lines 350--350
[][] 
 []


Underfull \hbox (badness 5667) in paragraph at lines 350--350
[][] 
 []


Underfull \hbox (badness 10000) in paragraph at lines 350--350
[][] 
 []


Underfull \hbox (badness 10000) in paragraph at lines 350--350
[][] 
 []


Underfull \hbox (badness 10000) in paragraph at lines 350--350
[][] 
 []


Underfull \hbox (badness 10000) in paragraph at lines 350--350
[][] 
 []


Underfull \hbox (badness 10000) in paragraph at lines 350--350
[][] 
 []


Underfull \hbox (badness 10000) in paragraph at lines 350--350
[][] 
 []


Underfull \hbox (badness 10000) in paragraph at lines 350--350
[][] 
 []


Underfull \hbox (badness 10000) in paragraph at lines 350--350
[][] 
 []


Overfull \hbox (4.25159pt too wide) in paragraph at lines 350--350
 []\OT1/cmr/bx/n/9 TMDs[]inKT 
 []


Underfull \hbox (badness 10000) in paragraph at lines 350--350
[][] 
 []


Underfull \hbox (badness 10000) in paragraph at lines 350--350
[][] 
 []


Underfull \hbox (badness 10000) in paragraph at lines 350--350
[][] 
 []


Underfull \hbox (badness 10000) in paragraph at lines 350--350
[][] 
 []


Underfull \hbox (badness 5667) in paragraph at lines 350--350
[][] 
 []


Underfull \hbox (badness 5667) in paragraph at lines 350--350
[][] 
 []


Underfull \hbox (badness 5667) in paragraph at lines 350--350
[][] 
 []


Underfull \hbox (badness 10000) in paragraph at lines 350--350
[][] 
 []


Underfull \hbox (badness 10000) in paragraph at lines 350--350
[][] 
 []


Underfull \hbox (badness 10000) in paragraph at lines 350--350
[][] 
 []


Underfull \hbox (badness 10000) in paragraph at lines 350--350
[][] 
 []


Underfull \hbox (badness 10000) in paragraph at lines 350--350
[][] 
 []


Underfull \hbox (badness 10000) in paragraph at lines 350--350
[][] 
 []


Underfull \hbox (badness 10000) in paragraph at lines 350--350
[][] 
 []


Underfull \hbox (badness 10000) in paragraph at lines 350--350
[][] 
 []


Underfull \hbox (badness 10000) in paragraph at lines 350--350
[][] 
 []


Underfull \hbox (badness 10000) in paragraph at lines 350--350
[][] 
 []


Underfull \hbox (badness 10000) in paragraph at lines 350--350
[][] 
 []


Underfull \hbox (badness 10000) in paragraph at lines 350--350
[][] 
 []


Underfull \hbox (badness 10000) in paragraph at lines 350--350
[][] 
 []


Underfull \hbox (badness 10000) in paragraph at lines 350--350
[][] 
 []


Underfull \hbox (badness 10000) in paragraph at lines 350--350
[][] 
 []


Underfull \hbox (badness 10000) in paragraph at lines 350--350
[][] 
 []


LaTeX Warning: Float too large for page by 8.42845pt on input line 353.

[5] [6]
LaTeX Font Info:    Try loading font information for OMS+cmr on input line 399.

 (/usr/share/texlive/texmf-dist/tex/latex/base/omscmr.fd
File: omscmr.fd 2014/09/29 v2.5h Standard LaTeX font definitions
)
LaTeX Font Info:    Font shape `OMS/cmr/m/n' in size <10> not available
(Font)              Font shape `OMS/cmsy/m/n' tried instead on input line 399.
 [7] [8]
Underfull \hbox (badness 10000) in paragraph at lines 477--483
[][] 
 []


Underfull \hbox (badness 10000) in paragraph at lines 483--483
[][] 
 []


Underfull \hbox (badness 10000) in paragraph at lines 483--483
[][] 
 []


Underfull \hbox (badness 10000) in paragraph at lines 483--483
[][] 
 []


Underfull \hbox (badness 10000) in paragraph at lines 486--490
[][] 
 []


Underfull \hbox (badness 10000) in paragraph at lines 490--490
[][] 
 []


Underfull \hbox (badness 10000) in paragraph at lines 490--490
[][] 
 []


Underfull \hbox (badness 10000) in paragraph at lines 490--490
[][] 
 []


Underfull \hbox (badness 10000) in paragraph at lines 493--497
[][] 
 []


Underfull \hbox (badness 10000) in paragraph at lines 497--497
[][] 
 []


Underfull \hbox (badness 10000) in paragraph at lines 497--497
[][] 
 []


Underfull \hbox (badness 10000) in paragraph at lines 497--497
[][] 
 []


Underfull \hbox (badness 10000) in paragraph at lines 501--507
[][] 
 []


Underfull \hbox (badness 10000) in paragraph at lines 507--507
[][] 
 []


Underfull \hbox (badness 10000) in paragraph at lines 507--507
[][] 
 []


Underfull \hbox (badness 10000) in paragraph at lines 507--507
[][] 
 []


Underfull \hbox (badness 10000) in paragraph at lines 511--517
[][] 
 []


Underfull \hbox (badness 10000) in paragraph at lines 517--517
[][] 
 []


Underfull \hbox (badness 10000) in paragraph at lines 517--517
[][] 
 []


Underfull \hbox (badness 10000) in paragraph at lines 517--517
[][] 
 []


Underfull \hbox (badness 10000) in paragraph at lines 521--526
[][] 
 []


Underfull \hbox (badness 10000) in paragraph at lines 526--526
[][] 
 []


Underfull \hbox (badness 10000) in paragraph at lines 526--526
[][] 
 []


Underfull \hbox (badness 10000) in paragraph at lines 526--526
[][] 
 []


Underfull \hbox (badness 10000) in paragraph at lines 529--536
[][] 
 []


Underfull \hbox (badness 10000) in paragraph at lines 536--536
[][] 
 []


Underfull \hbox (badness 10000) in paragraph at lines 536--536
[][] 
 []


Underfull \hbox (badness 10000) in paragraph at lines 536--536
[][] 
 []


Underfull \hbox (badness 10000) in paragraph at lines 539--546
[][] 
 []


Underfull \hbox (badness 10000) in paragraph at lines 546--546
[][] 
 []


Underfull \hbox (badness 10000) in paragraph at lines 546--546
[][] 
 []


Underfull \hbox (badness 10000) in paragraph at lines 546--546
[][] 
 []


Underfull \hbox (badness 10000) in paragraph at lines 550--554
[][] 
 []


Underfull \hbox (badness 10000) in paragraph at lines 554--554
[][] 
 []


Underfull \hbox (badness 10000) in paragraph at lines 554--554
[][] 
 []


Underfull \hbox (badness 10000) in paragraph at lines 554--554
[][] 
 []


Overfull \hbox (2.32938pt too wide) in paragraph at lines 559--559
 []$        $\OT1/cmr/bx/n/9 uTMDPDF[]model 
 []


Underfull \hbox (badness 10000) in paragraph at lines 557--561
[][] 
 []


Underfull \hbox (badness 10000) in paragraph at lines 561--561
[][] 
 []


Underfull \hbox (badness 10000) in paragraph at lines 561--561
[][] 
 []


Underfull \hbox (badness 10000) in paragraph at lines 561--561
[][] 
 []


Underfull \hbox (badness 10000) in paragraph at lines 564--568
[][] 
 []


Underfull \hbox (badness 10000) in paragraph at lines 568--568
[][] 
 []


Underfull \hbox (badness 10000) in paragraph at lines 568--568
[][] 
 []


Underfull \hbox (badness 10000) in paragraph at lines 568--568
[][] 
 []


Underfull \hbox (badness 7963) in paragraph at lines 573--577
[][] 
 []


Underfull \hbox (badness 7963) in paragraph at lines 577--577
[][] 
 []


Underfull \hbox (badness 7963) in paragraph at lines 577--577
[][] 
 []

[9] [10] [11]

Package hyperref Warning: Token not allowed in a PDF string (PDFDocEncoding):
(hyperref)                removing `math shift' on input line 664.


Package hyperref Warning: Token not allowed in a PDF string (PDFDocEncoding):
(hyperref)                removing `\zeta' on input line 664.


Package hyperref Warning: Token not allowed in a PDF string (PDFDocEncoding):
(hyperref)                removing `math shift' on input line 664.

[12] [13] [14]

Package hyperref Warning: Token not allowed in a PDF string (PDFDocEncoding):
(hyperref)                removing `math shift' on input line 811.


Package hyperref Warning: Token not allowed in a PDF string (PDFDocEncoding):
(hyperref)                removing `\zeta' on input line 811.


Package hyperref Warning: Token not allowed in a PDF string (PDFDocEncoding):
(hyperref)                removing `math shift' on input line 811.


Package hyperref Warning: Token not allowed in a PDF string (PDFDocEncoding):
(hyperref)                removing `math shift' on input line 839.


Package hyperref Warning: Token not allowed in a PDF string (PDFDocEncoding):
(hyperref)                removing `\zeta' on input line 839.


Package hyperref Warning: Token not allowed in a PDF string (PDFDocEncoding):
(hyperref)                removing `math shift' on input line 839.


Package hyperref Warning: Token not allowed in a PDF string (PDFDocEncoding):
(hyperref)                removing `math shift' on input line 850.


Package hyperref Warning: Token not allowed in a PDF string (PDFDocEncoding):
(hyperref)                removing `\zeta' on input line 850.


Package hyperref Warning: Token not allowed in a PDF string (PDFDocEncoding):
(hyperref)                removing `math shift' on input line 850.

[15] [16]
Underfull \hbox (badness 10000) in paragraph at lines 911--911
[]|\OT1/cmtt/m/n/9 artemide[]Setup[]fromFile(file,[]prefix,order[])
 []


Underfull \hbox (badness 1117) in paragraph at lines 923--924
[]|\OT1/cmr/m/n/9 Assign the hadron for uFF with num-ber \OT1/cmtt/m/n/9 hadron
\OT1/cmr/m/n/9 (int) a FF set
 []


Underfull \hbox (badness 10000) in paragraph at lines 928--929
[]|\OT1/cmtt/m/n/9 Set[]EWparameters(
 []


Underfull \hbox (badness 10000) in paragraph at lines 928--929
[]\OT1/cmtt/m/n/9 alphaInv,massZ,massW,widthZ,widthW,[]
 []


Underfull \hbox (badness 10000) in paragraph at lines 928--929
[]\OT1/cmtt/m/n/9 massH,widthH,vevHIGGS,[]
 []


Underfull \hbox (badness 10000) in paragraph at lines 941--941
[]|\OT1/cmtt/m/n/9 Set[]uTMDPDF[]gridEvaluation
 []


Overfull \hbox (25.40518pt too wide) in alignment at lines 905--946
 [] [] [] 
 []


Underfull \hbox (badness 10000) in paragraph at lines 949--949
[]|\OT1/cmtt/m/n/9 Set[]uTMDFF[]gridEvaluation
 []


Underfull \hbox (badness 10000) in paragraph at lines 957--957
[]|\OT1/cmtt/m/n/9 Set[]lpTMDPDF[]gridEvaluation
 []


Overfull \hbox (25.40518pt too wide) in alignment at lines 946--960
 [] [] [] 
 []


Package longtable Warning: Column widths have changed
(longtable)                in table I on input line 960.

[17]
Overfull \hbox (1.71815pt too wide) in paragraph at lines 972--972
[][]\OT1/cmtt/m/n/9 artemide[]Setup[]Default 
 []


Underfull \hbox (badness 10000) in paragraph at lines 980--984
[][] 
 []


Underfull \hbox (badness 10000) in paragraph at lines 984--984
[][] 
 []


Underfull \hbox (badness 10000) in paragraph at lines 984--984
[][] 
 []


Underfull \hbox (badness 3364) in paragraph at lines 987--991
[][] 
 []


Underfull \hbox (badness 3364) in paragraph at lines 991--991
[][] 
 []


Underfull \hbox (badness 3364) in paragraph at lines 991--991
[][] 
 []


Underfull \hbox (badness 10000) in paragraph at lines 994--998
[][] 
 []


Underfull \hbox (badness 10000) in paragraph at lines 998--998
[][] 
 []


Underfull \hbox (badness 10000) in paragraph at lines 998--998
[][] 
 []


Underfull \hbox (badness 10000) in paragraph at lines 1004--1008
[][] 
 []

[18]
Overfull \hbox (2.68036pt too wide) in paragraph at lines 1064--1064
[]|\OT1/cmtt/m/n/9 artemide[]GetReplicaFromFile(file,rep,array)| 
 []


Overfull \hbox (8.7053pt too wide) in alignment at lines 1036--1067
 [] [] [] 
 []


Package longtable Warning: Column widths have changed
(longtable)                in table II on input line 1067.

[19] [20] [21]

Package hyperref Warning: Token not allowed in a PDF string (PDFDocEncoding):
(hyperref)                removing `math shift' on input line 1148.


Package hyperref Warning: Token not allowed in a PDF string (PDFDocEncoding):
(hyperref)                removing `\alpha' on input line 1148.


Package hyperref Warning: Token not allowed in a PDF string (PDFDocEncoding):
(hyperref)                removing `subscript' on input line 1148.


Package hyperref Warning: Token not allowed in a PDF string (PDFDocEncoding):
(hyperref)                removing `math shift' on input line 1148.

[22]
Underfull \hbox (badness 10000) in paragraph at lines 1190--1191
[]\OT1/cmr/m/n/10 Initialization of mod-ule. The (in-te-ger) pa-ram-e-ters
 []


Underfull \hbox (badness 2846) in paragraph at lines 1190--1191
\OT1/cmr/m/n/10 (\OT1/cmtt/m/n/10 oC,oV,oD,oDr,oZ\OT1/cmr/m/n/10 ) are or-ders 
of def-i-ni-tion for anoma-lous
 []


Overfull \hbox (1.89153pt too wide) in paragraph at lines 1186--1206
 []$[]$ 
 []

[23]
Underfull \hbox (badness 6725) in paragraph at lines 1228--1229
[]\OT1/cmtt/m/n/10 ModelInitialization(NParray)\OT1/cmr/m/n/10 : this sub-rou-t
ine is called dur-ing the ini-tial-iza-tion of \OT1/cmtt/m/n/10 TMDR\OT1/cmr/m/
n/10 . The
 []


Underfull \hbox (badness 2875) in paragraph at lines 1232--1233
[]\OT1/cmtt/m/n/10 ModelUpdate(NParray)\OT1/cmr/m/n/10 : this sub-rou-tine is c
alled dur-ing the \OT1/cmtt/m/n/10 TMDR[]setNPparameters(NParray)\OT1/cmr/m/n/1
0 . The
 []

[24]
Underfull \hbox (badness 3078) in paragraph at lines 1264--1265
[]\OT1/cmr/m/n/10 Initialization of mod-ule. (string) \OT1/cmtt/m/n/10 file \OT
1/cmr/m/n/10 is the name of
 []


Underfull \hbox (badness 4441) in paragraph at lines 1264--1265
\OT1/cmtt/m/n/10 constants-file\OT1/cmr/m/n/10 , which con-tains ini-tial-iza-t
ion in-for-ma-tion.
 []


Underfull \hbox (badness 4378) in paragraph at lines 1298--1299
\OT1/cmr/m/n/10 There are func-tions to help with def-i-ni-tions of \OT1/cmtt/m
/n/10 DNP \OT1/cmr/m/n/10 and \OT1/cmtt/m/n/10 zetaNP\OT1/cmr/m/n/10 : \OT1/cmt
t/m/n/10 Dpert(mu,bT,f)\OT1/cmr/m/n/10 , \OT1/cmtt/m/n/10 Dresum(mu,b,f)\OT1/cm
r/m/n/10 ,
 []

[25] [26] [27]
Underfull \hbox (badness 6725) in paragraph at lines 1461--1462
[]\OT1/cmtt/m/n/10 ModelInitialization(NParray)\OT1/cmr/m/n/10 : this sub-rou-t
ine is called dur-ing the ini-tial-iza-tion of \OT1/cmtt/m/n/10 TMDR\OT1/cmr/m/
n/10 . The
 []


Underfull \hbox (badness 2875) in paragraph at lines 1465--1466
[]\OT1/cmtt/m/n/10 ModelUpdate(NParray)\OT1/cmr/m/n/10 : this sub-rou-tine is c
alled dur-ing the \OT1/cmtt/m/n/10 TMDR[]setNPparameters(NParray)\OT1/cmr/m/n/1
0 . The
 []


Overfull \hbox (38.35732pt too wide) in paragraph at lines 1481--1482
[]\OT1/cmtt/m/n/10 GetCompositionArray(h,lambdaNP,includeArray,CA)\OT1/cmr/m/n/
10 : sub-rou-tine re-turns \OT1/cmtt/m/n/10 real(dp),allocatable,intent(out)::C
A(:)
 []

[28]
Overfull \hbox (4.78844pt too wide) in paragraph at lines 1510--1510
[]\OT1/cmtt/m/n/10 uTMDPDF[]Initialize(file,[]prefix[])
 []


Underfull \hbox (badness 10000) in paragraph at lines 1512--1514
[]\OT1/cmtt/m/n/10 uTMDPDF[]SetLambdaNP(lambda,
 []


Underfull \hbox (badness 10000) in paragraph at lines 1512--1514
[]\OT1/cmtt/m/n/10 buildGrid, gluonRequared[])
 []


Underfull \hbox (badness 10000) in paragraph at lines 1512--1514
\OT1/cmtt/m/n/10 uTMDPDF[]SetLambdaNP(num,
 []


Overfull \hbox (10.03839pt too wide) in paragraph at lines 1516--1516
[]\OT1/cmtt/m/n/10 uTMDPDF[]CurrentNPparameters(var)| 
 []


Overfull \hbox (0.69981pt too wide) in paragraph at lines 1506--1530
 []$[]$ 
 []

[29]

Package hyperref Warning: Token not allowed in a PDF string (PDFDocEncoding):
(hyperref)                removing `math shift' on input line 1577.


Package hyperref Warning: Token not allowed in a PDF string (PDFDocEncoding):
(hyperref)                removing `subscript' on input line 1577.


Package hyperref Warning: Token not allowed in a PDF string (PDFDocEncoding):
(hyperref)                removing `math shift' on input line 1577.

[30] [31pdfTeX warning (ext4): destination with the same identifier (name{equat
ion.11.3}) has been already used, duplicate ignored

\AtBegShi@Output ...ipout \box \AtBeginShipoutBox 
                                                  \fi \fi 
l.1663 
       pdfTeX warning (ext4): destination with the same identifier (name{equati
on.11.3}) has been already used, duplicate ignored

\AtBegShi@Output ...ipout \box \AtBeginShipoutBox 
                                                  \fi \fi 
l.1663 
       ]
Overfull \hbox (15.0837pt too wide) in paragraph at lines 1664--1665
[]\OT1/cmr/m/n/10 The grid-ing is turned on by the call of over-loaded ver-sion
 of \OT1/cmtt/m/n/10 uTMDPDF[]SetLambdaNP(lambda,makeGrid,includeGluons)
 []

[32] [33] [34]
Overfull \hbox (17.29161pt too wide) in paragraph at lines 1772--1806
 []$[]$ 
 []

[35] [36] [37] [38]
Overfull \hbox (6.73375pt too wide) in alignment at lines 2005--2046
 [] [] [] [] [] [] 
 []


Underfull \hbox (badness 1325) in paragraph at lines 2069--2069
\OT1/cmr/m/n/9 ture of $\OML/cmm/m/it/9 W$\OT1/cmr/m/n/9 (tungsten), used to de
-scribe E537
 []


Overfull \hbox (6.73375pt too wide) in alignment at lines 2046--2086
 [] [] [] [] [] [] 
 []

[39]
Overfull \hbox (6.73375pt too wide) in alignment at lines 2086--2117
 [] [] [] [] [] [] 
 []

[40]

Package longtable Warning: Column widths have changed
(longtable)                in table III on input line 2117.

[41]
Overfull \hbox (21.71144pt too wide) in alignment at lines 2121--2162
 [] [] [] [] [] [] 
 []


Overfull \hbox (21.71144pt too wide) in alignment at lines 2162--2191
 [] [] [] [] [] [] 
 []


Overfull \vbox (0.9726pt too high) has occurred while \output is active []


[42]

Package longtable Warning: Column widths have changed
(longtable)                in table IV on input line 2191.

[43] [44] [45]
Underfull \hbox (badness 2435) in paragraph at lines 2319--2320
\OT1/cmr/m/n/10 the bin. Can be called with-out pre-lim-i-nary
 []


Overfull \hbox (17.7918pt too wide) in paragraph at lines 2299--2324
 []$[]$ 
 []

[46] [47]
Underfull \hbox (badness 1430) in paragraph at lines 2392--2393
[]$\OML/cmm/m/it/10 y[]$ \OT1/cmr/m/n/10 is max-i-mum al-lowed
 []


Underfull \hbox (badness 1210) in paragraph at lines 2392--2393
\OML/cmm/m/it/10 y$ \OT1/cmr/m/n/10 by kine-mat-ics, $\OML/cmm/m/it/10 y[] \OT1
/cmr/m/n/10 =
 []


Underfull \hbox (badness 10000) in paragraph at lines 2400--2400
[]\OT1/cmtt/m/n/10 CalcXsec[]DY[]Qint[]Yint
 []


Underfull \hbox (badness 10000) in paragraph at lines 2402--2402
[]\OT1/cmtt/m/n/10 CalcXsec[]DY[]PTint[]Qint[]Yint
 []


Underfull \hbox (badness 6268) in paragraph at lines 2402--2403
[]\OT1/cmr/m/n/10 Integration over $\OML/cmm/m/it/10 q[]$ \OT1/cmr/m/n/10 is
 []


Underfull \hbox (badness 10000) in paragraph at lines 2404--2404
[]\OT1/cmtt/m/n/10 CalcXsec[]DY[]PTint[]Qint[]Yint
 []


Underfull \hbox (badness 6268) in paragraph at lines 2404--2405
[]\OT1/cmr/m/n/10 Integration over $\OML/cmm/m/it/10 q[]$ \OT1/cmr/m/n/10 is
 []


Underfull \hbox (badness 10000) in paragraph at lines 2406--2406
[]\OT1/cmtt/m/n/10 CalcXsec[]DY[]PTint[]Qint[]Yint
 []


Underfull \hbox (badness 6268) in paragraph at lines 2406--2407
[]\OT1/cmr/m/n/10 Integration over $\OML/cmm/m/it/10 q[]$ \OT1/cmr/m/n/10 is
 []


Underfull \hbox (badness 10000) in paragraph at lines 2408--2408
[]\OT1/cmtt/m/n/10 CalcXsec[]DY[]PTint[]Qint[]Yint
 []


Underfull \hbox (badness 6268) in paragraph at lines 2408--2409
[]\OT1/cmr/m/n/10 Integration over $\OML/cmm/m/it/10 q[]$ \OT1/cmr/m/n/10 is
 []


Overfull \hbox (8.01907pt too wide) in paragraph at lines 2386--2413
 []$ 
 []

[48] [49]
Underfull \hbox (badness 10000) in paragraph at lines 2428--2429
[][]\OT1/cmr/bx/n/10 There is a sub-rou-tine that eval-u-ate cross-section with
-out pre-lim-i-nary call of
 []

[50]

Package hyperref Warning: Token not allowed in a PDF string (PDFDocEncoding):
(hyperref)                removing `math shift' on input line 2497.


Package hyperref Warning: Token not allowed in a PDF string (PDFDocEncoding):
(hyperref)                removing `\pi' on input line 2497.


Package hyperref Warning: Token not allowed in a PDF string (PDFDocEncoding):
(hyperref)                removing `superscript' on input line 2497.


Package hyperref Warning: Token not allowed in a PDF string (PDFDocEncoding):
(hyperref)                removing `math shift' on input line 2497.

[51]
Overfull \hbox (34.43414pt too wide) in paragraph at lines 2544--2560
 []$[]$ 
 []

[52] [53]
Underfull \hbox (badness 2435) in paragraph at lines 2614--2615
\OT1/cmr/m/n/10 the bin. Can be called with-out pre-lim-i-nary
 []


Overfull \hbox (32.1806pt too wide) in paragraph at lines 2594--2619
 []$[]$ 
 []

[54]
Underfull \hbox (badness 10000) in paragraph at lines 2686--2686
[]\OT1/cmtt/m/n/9 CalcXsec[]SIDIS[]Zint[]Xint[]Qint
 []


Underfull \hbox (badness 10000) in paragraph at lines 2686--2686
[]$[][] \OML/cmm/m/it/9 dz [][] dx$
 []


Underfull \hbox (badness 10000) in paragraph at lines 2688--2688
[]\OT1/cmtt/m/n/9 CalcXsec[]SIDIS[]PTint[]Zint[]Xint[]Qint
 []


Underfull \hbox (badness 10000) in paragraph at lines 2688--2688
[]$[][] \OML/cmm/m/it/9 dz [][] dx$
 []

[55]
Underfull \hbox (badness 10000) in paragraph at lines 2708--2709
[][]\OT1/cmr/bx/n/10 There is a sub-rou-tine that eval-u-ate cross-section with
-out pre-lim-i-nary call of
 []

[56] [57]
Overfull \hbox (11.28592pt too wide) in paragraph at lines 2825--2835
 []$[]$ 
 []

[58]pdfTeX warning (ext4): destination with the same identifier (name{equation.
18.4}) has been already used, duplicate ignored
<to be read again> 
                   \relax 
l.2848 \begin{eqnarray}
                       pdfTeX warning (ext4): destination with the same identif
ier (name{equation.18.4}) has been already used, duplicate ignored
<to be read again> 
                   \relax 
l.2848 \begin{eqnarray}
                       pdfTeX warning (ext4): destination with the same identif
ier (name{equation.18.4}) has been already used, duplicate ignored
<to be read again> 
                   \relax 
l.2848 \begin{eqnarray}
                       pdfTeX warning (ext4): destination with the same identif
ier (name{equation.18.4}) has been already used, duplicate ignored
<to be read again> 
                   \relax 
l.2848 \begin{eqnarray}
                        [59] [60] [61] [62] [63] [64]
Overfull \hbox (4.8624pt too wide) in paragraph at lines 3083--3084
[]|\OT1/cmtt/m/n/9 uTMDPDF[]kT[]5[]Evolved(x,kt,muf,zetaf,h)| 
 []


Overfull \hbox (9.58734pt too wide) in paragraph at lines 3085--3086
[]|\OT1/cmtt/m/n/9 uTMDPDF[]kT[]50[]Evolved(x,kt,muf,zetaf,h)| 
 []


Overfull \hbox (15.5909pt too wide) in paragraph at lines 3095--3096
[]|\OT1/cmr/m/n/9 X=\OT1/cmtt/m/n/9 DY[]xSec[]Single(proc,s,qT,Q,y,iC,cuts)| 
 []


Overfull \hbox (15.5909pt too wide) in paragraph at lines 3097--3099
[]|\OT1/cmr/m/n/9 X=\OT1/cmtt/m/n/9 DY[]xSec[]List(proc,s,qT,Q,y,iC,cuts,L)| 
 []


Overfull \hbox (39.21562pt too wide) in paragraph at lines 3100--3102
[]|\OT1/cmr/m/n/9 X=\OT1/cmtt/m/n/9 SIDIS[]xSec[]Single(proc,s,pT,z,x,Q,iC,cuts
)| 
 []


Overfull \hbox (122.94164pt too wide) in paragraph at lines 3103--3104
[]|\OT1/cmr/m/n/9 X=\OT1/cmtt/m/n/9 SIDIS[]xSec[]Single[]withMasses(proc,s,pT,z
,x,Q,iC,cuts,masses)| 
 []


Overfull \hbox (39.21562pt too wide) in paragraph at lines 3105--3106
[]|\OT1/cmr/m/n/9 X=\OT1/cmtt/m/n/9 SIDIS[]xSec[]List(proc,s,qT,z,x,Q,iC,cuts,L
)| 
 []


Overfull \hbox (122.94164pt too wide) in paragraph at lines 3107--3108
[]|\OT1/cmr/m/n/9 X=\OT1/cmtt/m/n/9 SIDIS[]xSec[]List[]withMasses(proc,s,qT,z,x
,Q,iC,cuts,masses,L)| 
 []

[65]

Package longtable Warning: Column widths have changed
(longtable)                in table V on input line 3108.

[66]
Underfull \hbox (badness 1102) in paragraph at lines 3141--3148
[]\OT1/cmr/m/n/9 L. A. Harland-Lang, A. D. Mar-tin, P. Motylin-ski and R. S. Th
orne, Eur. Phys. J. C \OT1/cmr/bx/n/9 75 \OT1/cmr/m/n/9 (2015) no.5, 204
 []


Underfull \hbox (badness 5519) in paragraph at lines 3221--3227
[]\OT1/cmr/m/n/9 T. Gehrmann, E. W. N. Glover, T. Hu-ber, N. Ik-i-zlerli and C.
 Studerus, JHEP \OT1/cmr/bx/n/9 1006\OT1/cmr/m/n/9 , 094 (2010)
 []

[67]
Underfull \hbox (badness 10000) in paragraph at lines 3283--3284
[]\OT1/cmr/bx/n/10 TMDF \OT1/cmr/m/n/10 Added pro-cesses for Sivers 10001,10005
,10007,10008,10101-10104,12001--
 []

[68]
Underfull \hbox (badness 10000) in paragraph at lines 3344--3345
[]\OT1/cmr/bx/n/10 aTMDe[]control\OT1/cmr/m/n/10 : Added com-mands \OT1/cmtt/m/
n/10 artemide[]GetReplicaFromFile \OT1/cmr/m/n/10 and
 []

[69] [70]

LaTeX Warning: Reference `sec:uTMDPDF_grid' on page 71 undefined on input line 
3478.


Underfull \hbox (badness 3989) in paragraph at lines 3482--3483
[]\OT1/cmtt/m/n/10 TMDX\OT1/cmr/m/n/10 : added func-tions \OT1/cmtt/m/n/10 Calc
ulateXsec[]PTint[]Qint[]YintComplete(X,qtMin,qtMax,QMin,QMax) \OT1/cmr/m/n/10 a
nd
 []

[71] [72]
Underfull \hbox (badness 10000) in paragraph at lines 3678--3678
[]\OT1/cmr/m/n/10 Text file that con-tains physics con-stants, TMD
 []


Underfull \hbox (badness 10000) in paragraph at lines 3678--3678
[]\OT1/cmr/m/n/10 Generates and mod-i-fies
 []


Underfull \hbox (badness 10000) in paragraph at lines 3678--3678
[]\OT1/cmr/m/n/10 Interface mod-ule that passes
 []


Overfull \hbox (3.98103pt too wide) in paragraph at lines 3678--3678
[]\OT1/cmr/bx/n/10 uTMDPDF 
 []


Underfull \hbox (badness 10000) in paragraph at lines 3678--3678
\OT1/cmr/m/n/10 unpolarized
 []


Underfull \hbox (badness 10000) in paragraph at lines 3678--3678
\OT1/cmr/m/n/10 unpolarized
 []


Underfull \hbox (badness 10000) in paragraph at lines 3678--3678
[]\OT1/cmr/m/n/10 Combines TMD dis-tri-bu-tions, and in-ter-faces to
 []


Overfull \hbox (8.94876pt too wide) in paragraph at lines 3678--3678
[]\OT1/cmr/bx/n/10 TMDs[]inKT 
 []


Underfull \hbox (badness 10000) in paragraph at lines 3678--3678
[]\OT1/cmr/m/n/10 TMDs in
 []


Underfull \hbox (badness 10000) in paragraph at lines 3678--3678
[]\OT1/cmr/m/n/10 DY-like cross-
 []


Underfull \hbox (badness 10000) in paragraph at lines 3678--3678
[]\OT1/cmr/m/n/10 SIDIS-like cross-
 []

[73]
Underfull \hbox (badness 10000) in paragraph at lines 3704--3707
[]\OT1/cmr/m/n/10 Text file that con-tains def-i-ni-tions and in-puts
 []


Underfull \hbox (badness 10000) in paragraph at lines 3704--3707
\OT1/cmr/m/n/10 nec-es-sary to de-fine the TMD scheme to works,
 []


Overfull \hbox (3.98103pt too wide) in paragraph at lines 3725--3725
[]\OT1/cmr/bx/n/10 uTMDPDF 
 []


Underfull \hbox (badness 10000) in paragraph at lines 3726--3729
\OT1/cmr/m/n/10 unpolarized
 []


Underfull \hbox (badness 10000) in paragraph at lines 3741--3744
\OT1/cmr/m/n/10 unpolarized
 []


Underfull \hbox (badness 10000) in paragraph at lines 3776--3777
[]\OT1/cmr/m/n/10 Combines TMD dis-tri-bu-tions, and in-ter-faces to
 []


Overfull \hbox (8.94876pt too wide) in paragraph at lines 3782--3782
[]\OT1/cmr/bx/n/10 TMDs[]inKT 
 []


Underfull \hbox (badness 10000) in paragraph at lines 3783--3784
[]\OT1/cmr/m/n/10 TMDs in
 []


Underfull \hbox (badness 10000) in paragraph at lines 3809--3810
[]\OT1/cmr/m/n/10 DY-like cross-
 []


Underfull \hbox (badness 10000) in paragraph at lines 3815--3816
[]\OT1/cmr/m/n/10 SIDIS-like cross-
 []

[74]

LaTeX Warning: Reference `sec:grids_TMDR' on page 75 undefined on input line 38
38.


Underfull \hbox (badness 10000) in paragraph at lines 3838--3843
[]\OT1/cmr/m/n/10 Precalculated grids for var-i-ous RGE, see
 []


Underfull \hbox (badness 10000) in paragraph at lines 3846--3847
[]\OT1/cmr/m/n/10 User de-fined
 []


Underfull \hbox (badness 10000) in paragraph at lines 3881--3888
[]\OT1/cmr/m/n/10 Evaluates un-po-lar-ized TMD PDF at low-scale
 []


Underfull \hbox (badness 10000) in paragraph at lines 3893--3895
[]\OT1/cmr/m/n/10 Evaluates TMD evo-lu-tion
 []


Underfull \hbox (badness 10000) in paragraph at lines 3899--3900
[]\OT1/cmr/m/n/10 User de-fined
 []


Underfull \hbox (badness 10000) in paragraph at lines 3899--3900
\OT1/cmr/m/n/10 un-po-lar-ized
 []


Underfull \hbox (badness 10000) in paragraph at lines 3906--3907
[]\OT1/cmr/m/n/10 User de-fined
 []


Underfull \hbox (badness 10000) in paragraph at lines 3915--3918
[]\OT1/cmr/m/n/10 Evaluates un-po-lar-ized TMD FF at low-scale
 []


Underfull \hbox (badness 10000) in paragraph at lines 3930--3934
[]\OT1/cmr/m/n/10 Evaluates of TMD dis-tri-bu-
 []


Underfull \hbox (badness 10000) in paragraph at lines 3942--3943
[]\OT1/cmr/m/n/10 User de-fined low-
 []


Underfull \hbox (badness 10000) in paragraph at lines 3950--3956
[]\OT1/cmr/m/n/10 Evaluates cross-section of
 []


Underfull \hbox (badness 10000) in paragraph at lines 3950--3956
\OT1/cmr/m/n/10 DY-type with TMD dis-tri-
 []


Underfull \hbox (badness 10000) in paragraph at lines 3983--3988
[]\OT1/cmr/m/n/10 Evaluates cross-section of
 []


Underfull \hbox (badness 10000) in paragraph at lines 3983--3988
\OT1/cmr/m/n/10 SIDIS-type with TMD dis-
 []

[75]

Package longtable Warning: Table widths have changed. Rerun LaTeX.

Package atveryend Info: Empty hook `BeforeClearDocument' on input line 3994.
Package atveryend Info: Empty hook `AfterLastShipout' on input line 3994.
Package atveryend Info: Executing hook `AtVeryEndDocument' on input line 3994.
(./Manual.aux)
Package atveryend Info: Executing hook `AtEndAfterFileList' on input line 3994.

Package rerunfilecheck Info: File `Manual.out' has not changed.
(rerunfilecheck)             Checksum: 747F58778707D4DB015267D185A1F4B3;6019.


LaTeX Warning: There were undefined references.


LaTeX Warning: There were multiply-defined labels.

 ) 
Here is how much of TeX's memory you used:
 34552 strings out of 492615
 674226 string characters out of 6131391
 852927 words of memory out of 5000000
 37710 multiletter control sequences out of 15000+600000
 544866 words of font info for 71 fonts, out of 8000000 for 9000
 1141 hyphenation exceptions out of 8191
 63i,15n,101p,979b,1568s stack positions out of 5000i,500n,10000p,200000b,80000s
</usr/share/texlive/texmf-dist/fonts/type1/public/amsfonts/cm/cmbx10.pfb></us
r/share/texlive/texmf-dist/fonts/type1/public/amsfonts/cm/cmbx12.pfb></usr/shar
e/texlive/texmf-dist/fonts/type1/public/amsfonts/cm/cmbx6.pfb></usr/share/texli
ve/texmf-dist/fonts/type1/public/amsfonts/cm/cmbx7.pfb></usr/share/texlive/texm
f-dist/fonts/type1/public/amsfonts/cm/cmbx9.pfb></usr/share/texlive/texmf-dist/
fonts/type1/public/amsfonts/cm/cmex10.pfb></usr/share/texlive/texmf-dist/fonts/
type1/public/amsfonts/cmextra/cmex9.pfb></usr/share/texlive/texmf-dist/fonts/ty
pe1/public/amsfonts/cm/cmmi10.pfb></usr/share/texlive/texmf-dist/fonts/type1/pu
blic/amsfonts/cm/cmmi5.pfb></usr/share/texlive/texmf-dist/fonts/type1/public/am
sfonts/cm/cmmi6.pfb></usr/share/texlive/texmf-dist/fonts/type1/public/amsfonts/
cm/cmmi7.pfb></usr/share/texlive/texmf-dist/fonts/type1/public/amsfonts/cm/cmmi
9.pfb></usr/share/texlive/texmf-dist/fonts/type1/public/amsfonts/cm/cmmib10.pfb
></usr/share/texlive/texmf-dist/fonts/type1/public/amsfonts/cmextra/cmmib7.pfb>
</usr/share/texlive/texmf-dist/fonts/type1/public/amsfonts/cm/cmr10.pfb></usr/s
hare/texlive/texmf-dist/fonts/type1/public/amsfonts/cm/cmr12.pfb></usr/share/te
xlive/texmf-dist/fonts/type1/public/amsfonts/cm/cmr5.pfb></usr/share/texlive/te
xmf-dist/fonts/type1/public/amsfonts/cm/cmr6.pfb></usr/share/texlive/texmf-dist
/fonts/type1/public/amsfonts/cm/cmr7.pfb></usr/share/texlive/texmf-dist/fonts/t
ype1/public/amsfonts/cm/cmr9.pfb></usr/share/texlive/texmf-dist/fonts/type1/pub
lic/amsfonts/cm/cmsy10.pfb></usr/share/texlive/texmf-dist/fonts/type1/public/am
sfonts/cm/cmsy5.pfb></usr/share/texlive/texmf-dist/fonts/type1/public/amsfonts/
cm/cmsy6.pfb></usr/share/texlive/texmf-dist/fonts/type1/public/amsfonts/cm/cmsy
7.pfb></usr/share/texlive/texmf-dist/fonts/type1/public/amsfonts/cm/cmsy9.pfb><
/usr/share/texlive/texmf-dist/fonts/type1/public/amsfonts/cm/cmti10.pfb></usr/s
hare/texlive/texmf-dist/fonts/type1/public/amsfonts/cm/cmti9.pfb></usr/share/te
xlive/texmf-dist/fonts/type1/public/amsfonts/cm/cmtt10.pfb></usr/share/texlive/
texmf-dist/fonts/type1/public/amsfonts/cm/cmtt12.pfb></usr/share/texlive/texmf-
dist/fonts/type1/public/amsfonts/cm/cmtt8.pfb></usr/share/texlive/texmf-dist/fo
nts/type1/public/amsfonts/cm/cmtt9.pfb></usr/share/texlive/texmf-dist/fonts/typ
e1/public/amsfonts/symbols/msam10.pfb></usr/share/texlive/texmf-dist/fonts/type
1/public/amsfonts/symbols/msbm10.pfb>
Output written on Manual.pdf (75 pages, 703943 bytes).
PDF statistics:
 1349 PDF objects out of 1440 (max. 8388607)
 1201 compressed objects within 13 object streams
 310 named destinations out of 1000 (max. 500000)
 877 words of extra memory for PDF output out of 10000 (max. 10000000)

